{"/Users/peterzernia/projects/wanderlist/src/App.js": {"path":"/Users/peterzernia/projects/wanderlist/src/App.js","statementMap":{"0":{"start":{"line":18,"column":4},"end":{"line":18,"column":32}},"1":{"start":{"line":19,"column":4},"end":{"line":19,"column":97}},"2":{"start":{"line":20,"column":4},"end":{"line":20,"column":55}},"3":{"start":{"line":26,"column":18},"end":{"line":45,"column":6}},"4":{"start":{"line":47,"column":4},"end":{"line":54,"column":6}},"5":{"start":{"line":58,"column":17},"end":{"line":61,"column":1}},"6":{"start":{"line":59,"column":2},"end":{"line":60,"column":3}},"7":{"start":{"line":63,"column":20},"end":{"line":69,"column":1}},"8":{"start":{"line":64,"column":2},"end":{"line":68,"column":15}},"9":{"start":{"line":73,"column":0},"end":{"line":77,"column":2}}},"fnMap":{"0":{"name":"(anonymous_0)","decl":{"start":{"line":17,"column":2},"end":{"line":17,"column":3}},"loc":{"start":{"line":17,"column":23},"end":{"line":21,"column":3}},"line":17},"1":{"name":"(anonymous_1)","decl":{"start":{"line":23,"column":2},"end":{"line":23,"column":3}},"loc":{"start":{"line":23,"column":11},"end":{"line":55,"column":3}},"line":23},"2":{"name":"(anonymous_2)","decl":{"start":{"line":58,"column":17},"end":{"line":58,"column":18}},"loc":{"start":{"line":58,"column":26},"end":{"line":61,"column":1}},"line":58},"3":{"name":"(anonymous_3)","decl":{"start":{"line":63,"column":20},"end":{"line":63,"column":21}},"loc":{"start":{"line":63,"column":32},"end":{"line":69,"column":1}},"line":63}},"branchMap":{},"s":{"0":1,"1":1,"2":1,"3":1,"4":1,"5":1,"6":2,"7":1,"8":1,"9":1},"f":{"0":1,"1":1,"2":2,"3":1},"b":{},"_coverageSchema":"332fd63041d2c1bcb487cc26dd0d5f7d97098a6c","hash":"091bb566c1217d8e6a45124b7c8e424471d3bb8f"}
,"/Users/peterzernia/projects/wanderlist/src/index.js": {"path":"/Users/peterzernia/projects/wanderlist/src/index.js","statementMap":{"0":{"start":{"line":1,"column":0},"end":{"line":null,"column":-1}},"1":{"start":{"line":2,"column":0},"end":{"line":null,"column":-1}},"2":{"start":{"line":3,"column":0},"end":{"line":null,"column":-1}},"3":{"start":{"line":4,"column":0},"end":{"line":null,"column":-1}},"4":{"start":{"line":5,"column":0},"end":{"line":null,"column":-1}},"5":{"start":{"line":6,"column":0},"end":{"line":null,"column":-1}},"6":{"start":{"line":7,"column":0},"end":{"line":null,"column":-1}},"7":{"start":{"line":9,"column":0},"end":{"line":null,"column":-1}},"8":{"start":{"line":14,"column":0},"end":{"line":null,"column":-1}}},"fnMap":{},"branchMap":{},"s":{"0":0,"1":0,"2":0,"3":0,"4":0,"5":0,"6":0,"7":0,"8":0},"f":{},"b":{}}
,"/Users/peterzernia/projects/wanderlist/src/serviceWorker.js": {"path":"/Users/peterzernia/projects/wanderlist/src/serviceWorker.js","statementMap":{"0":{"start":{"line":13,"column":20},"end":{"line":13,"column":0}},"1":{"start":{"line":24,"column":2},"end":{"line":54,"column":3}},"2":{"start":{"line":26,"column":22},"end":{"line":26,"column":4}},"3":{"start":{"line":27,"column":4},"end":{"line":32,"column":5}},"4":{"start":{"line":31,"column":6},"end":{"line":null,"column":-1}},"5":{"start":{"line":34,"column":4},"end":{"line":null,"column":-1}},"6":{"start":{"line":35,"column":21},"end":{"line":35,"column":6}},"7":{"start":{"line":37,"column":6},"end":{"line":52,"column":7}},"8":{"start":{"line":39,"column":8},"end":{"line":37,"column":23}},"9":{"start":{"line":43,"column":8},"end":{"line":null,"column":-1}},"10":{"start":{"line":44,"column":10},"end":{"line":null,"column":-1}},"11":{"start":{"line":51,"column":8},"end":{"line":null,"column":-1}},"12":{"start":{"line":58,"column":2},"end":{"line":null,"column":-1}},"13":{"start":{"line":61,"column":6},"end":{"line":null,"column":-1}},"14":{"start":{"line":62,"column":33},"end":{"line":62,"column":8}},"15":{"start":{"line":63,"column":8},"end":{"line":null,"column":-1}},"16":{"start":{"line":64,"column":10},"end":{"line":89,"column":11}},"17":{"start":{"line":65,"column":12},"end":{"line":88,"column":13}},"18":{"start":{"line":69,"column":14},"end":{"line":65,"column":52}},"19":{"start":{"line":75,"column":14},"end":{"line":77,"column":15}},"20":{"start":{"line":76,"column":16},"end":{"line":null,"column":-1}},"21":{"start":{"line":82,"column":14},"end":{"line":78,"column":19}},"22":{"start":{"line":85,"column":14},"end":{"line":87,"column":15}},"23":{"start":{"line":86,"column":16},"end":{"line":null,"column":-1}},"24":{"start":{"line":94,"column":6},"end":{"line":null,"column":-1}},"25":{"start":{"line":100,"column":2},"end":{"line":null,"column":-1}},"26":{"start":{"line":103,"column":6},"end":{"line":116,"column":7}},"27":{"start":{"line":108,"column":8},"end":{"line":null,"column":-1}},"28":{"start":{"line":109,"column":10},"end":{"line":null,"column":-1}},"29":{"start":{"line":110,"column":12},"end":{"line":null,"column":-1}},"30":{"start":{"line":115,"column":8},"end":{"line":null,"column":-1}},"31":{"start":{"line":119,"column":6},"end":{"line":null,"column":-1}},"32":{"start":{"line":126,"column":2},"end":{"line":130,"column":3}},"33":{"start":{"line":127,"column":4},"end":{"line":null,"column":-1}},"34":{"start":{"line":128,"column":6},"end":{"line":null,"column":-1}}},"fnMap":{"0":{"name":"register","decl":{"start":{"line":23,"column":16},"end":{"line":23,"column":7}},"loc":{"start":{"line":23,"column":33},"end":{"line":55,"column":1}}},"1":{"name":"(anonymous_1)","decl":{"start":{"line":34,"column":36},"end":{"line":34,"column":41}},"loc":{"start":{"line":34,"column":42},"end":{"line":34,"column":4}}},"2":{"name":"(anonymous_2)","decl":{"start":{"line":43,"column":43},"end":{"line":43,"column":48}},"loc":{"start":{"line":43,"column":49},"end":{"line":43,"column":8}}},"3":{"name":"registerValidSW","decl":{"start":{"line":57,"column":9},"end":{"line":57,"column":0}},"loc":{"start":{"line":57,"column":40},"end":{"line":96,"column":1}}},"4":{"name":"(anonymous_4)","decl":{"start":{"line":60,"column":10},"end":{"line":60,"column":21}},"loc":{"start":{"line":60,"column":26},"end":{"line":58,"column":2}}},"5":{"name":"(anonymous_5)","decl":{"start":{"line":61,"column":35},"end":{"line":61,"column":40}},"loc":{"start":{"line":61,"column":41},"end":{"line":61,"column":6}}},"6":{"name":"(anonymous_6)","decl":{"start":{"line":63,"column":41},"end":{"line":63,"column":46}},"loc":{"start":{"line":63,"column":47},"end":{"line":63,"column":8}}},"7":{"name":"(anonymous_7)","decl":{"start":{"line":93,"column":11},"end":{"line":93,"column":15}},"loc":{"start":{"line":93,"column":20},"end":{"line":58,"column":2}}},"8":{"name":"checkValidServiceWorker","decl":{"start":{"line":98,"column":9},"end":{"line":98,"column":0}},"loc":{"start":{"line":98,"column":48},"end":{"line":123,"column":1}}},"9":{"name":"(anonymous_9)","decl":{"start":{"line":101,"column":10},"end":{"line":101,"column":17}},"loc":{"start":{"line":101,"column":22},"end":{"line":100,"column":2}}},"10":{"name":"(anonymous_10)","decl":{"start":{"line":108,"column":43},"end":{"line":108,"column":54}},"loc":{"start":{"line":108,"column":59},"end":{"line":108,"column":8}}},"11":{"name":"(anonymous_11)","decl":{"start":{"line":109,"column":41},"end":{"line":109,"column":46}},"loc":{"start":{"line":109,"column":47},"end":{"line":109,"column":10}}},"12":{"name":"(anonymous_12)","decl":{"start":{"line":118,"column":11},"end":{"line":118,"column":16}},"loc":{"start":{"line":118,"column":17},"end":{"line":100,"column":2}}},"13":{"name":"unregister","decl":{"start":{"line":125,"column":16},"end":{"line":125,"column":7}},"loc":{"start":{"line":125,"column":29},"end":{"line":131,"column":1}}},"14":{"name":"(anonymous_14)","decl":{"start":{"line":127,"column":39},"end":{"line":127,"column":50}},"loc":{"start":{"line":127,"column":55},"end":{"line":127,"column":4}}}},"branchMap":{"0":{"loc":{"start":{"line":14,"column":2},"end":{"line":14,"column":1}},"type":"binary-expr","locations":[{"start":{"line":14,"column":2},"end":{"line":14,"column":1}},{"start":{"line":16,"column":4},"end":{"line":14,"column":2}},{"start":{"line":18,"column":4},"end":{"line":13,"column":27}}]},"1":{"loc":{"start":{"line":24,"column":2},"end":{"line":54,"column":3}},"type":"if","locations":[{"start":{"line":24,"column":2},"end":{"line":54,"column":3}},{"start":{"line":24,"column":2},"end":{"line":54,"column":3}}]},"2":{"loc":{"start":{"line":24,"column":6},"end":{"line":24,"column":5}},"type":"binary-expr","locations":[{"start":{"line":24,"column":6},"end":{"line":24,"column":5}},{"start":{"line":24,"column":47},"end":{"line":24,"column":2}}]},"3":{"loc":{"start":{"line":27,"column":4},"end":{"line":32,"column":5}},"type":"if","locations":[{"start":{"line":27,"column":4},"end":{"line":32,"column":5}},{"start":{"line":27,"column":4},"end":{"line":32,"column":5}}]},"4":{"loc":{"start":{"line":37,"column":6},"end":{"line":52,"column":7}},"type":"if","locations":[{"start":{"line":37,"column":6},"end":{"line":52,"column":7}},{"start":{"line":37,"column":6},"end":{"line":52,"column":7}}]},"5":{"loc":{"start":{"line":64,"column":10},"end":{"line":89,"column":11}},"type":"if","locations":[{"start":{"line":64,"column":10},"end":{"line":89,"column":11}},{"start":{"line":64,"column":10},"end":{"line":89,"column":11}}]},"6":{"loc":{"start":{"line":65,"column":12},"end":{"line":88,"column":13}},"type":"if","locations":[{"start":{"line":65,"column":12},"end":{"line":88,"column":13}},{"start":{"line":65,"column":12},"end":{"line":88,"column":13}}]},"7":{"loc":{"start":{"line":75,"column":14},"end":{"line":77,"column":15}},"type":"if","locations":[{"start":{"line":75,"column":14},"end":{"line":77,"column":15}},{"start":{"line":75,"column":14},"end":{"line":77,"column":15}}]},"8":{"loc":{"start":{"line":75,"column":18},"end":{"line":75,"column":24}},"type":"binary-expr","locations":[{"start":{"line":75,"column":18},"end":{"line":75,"column":24}},{"start":{"line":75,"column":28},"end":{"line":75,"column":14}}]},"9":{"loc":{"start":{"line":85,"column":14},"end":{"line":87,"column":15}},"type":"if","locations":[{"start":{"line":85,"column":14},"end":{"line":87,"column":15}},{"start":{"line":85,"column":14},"end":{"line":87,"column":15}}]},"10":{"loc":{"start":{"line":85,"column":18},"end":{"line":85,"column":24}},"type":"binary-expr","locations":[{"start":{"line":85,"column":18},"end":{"line":85,"column":24}},{"start":{"line":85,"column":28},"end":{"line":85,"column":14}}]},"11":{"loc":{"start":{"line":103,"column":6},"end":{"line":116,"column":7}},"type":"if","locations":[{"start":{"line":103,"column":6},"end":{"line":116,"column":7}},{"start":{"line":103,"column":6},"end":{"line":116,"column":7}}]},"12":{"loc":{"start":{"line":104,"column":8},"end":{"line":104,"column":7}},"type":"binary-expr","locations":[{"start":{"line":104,"column":8},"end":{"line":104,"column":7}},{"start":{"line":105,"column":8},"end":{"line":103,"column":6}}]},"13":{"loc":{"start":{"line":126,"column":2},"end":{"line":130,"column":3}},"type":"if","locations":[{"start":{"line":126,"column":2},"end":{"line":130,"column":3}},{"start":{"line":126,"column":2},"end":{"line":130,"column":3}}]}},"s":{"0":0,"1":0,"2":0,"3":0,"4":0,"5":0,"6":0,"7":0,"8":0,"9":0,"10":0,"11":0,"12":0,"13":0,"14":0,"15":0,"16":0,"17":0,"18":0,"19":0,"20":0,"21":0,"22":0,"23":0,"24":0,"25":0,"26":0,"27":0,"28":0,"29":0,"30":0,"31":0,"32":0,"33":0,"34":0},"f":{"0":0,"1":0,"2":0,"3":0,"4":0,"5":0,"6":0,"7":0,"8":0,"9":0,"10":0,"11":0,"12":0,"13":0,"14":0},"b":{"0":[0,0,0],"1":[0,0],"2":[0,0],"3":[0,0],"4":[0,0],"5":[0,0],"6":[0,0],"7":[0,0],"8":[0,0],"9":[0,0],"10":[0,0],"11":[0,0],"12":[0,0],"13":[0,0]}}
,"/Users/peterzernia/projects/wanderlist/src/setupTests.js": {"path":"/Users/peterzernia/projects/wanderlist/src/setupTests.js","statementMap":{"0":{"start":{"line":4,"column":0},"end":{"line":4,"column":38}}},"fnMap":{},"branchMap":{},"s":{"0":46},"f":{},"b":{},"_coverageSchema":"332fd63041d2c1bcb487cc26dd0d5f7d97098a6c","hash":"e1f01affc60e143cc8c272727785a7575c5fcd04"}
,"/Users/peterzernia/projects/wanderlist/src/testVariables.js": {"path":"/Users/peterzernia/projects/wanderlist/src/testVariables.js","statementMap":{"0":{"start":{"line":1,"column":23},"end":{"line":59,"column":1}},"1":{"start":{"line":61,"column":20},"end":{"line":189,"column":1}},"2":{"start":{"line":191,"column":27},"end":{"line":267,"column":1}}},"fnMap":{},"branchMap":{},"s":{"0":14,"1":14,"2":14},"f":{},"b":{},"_coverageSchema":"332fd63041d2c1bcb487cc26dd0d5f7d97098a6c","hash":"11da6bf87ed996f48d2ccce5620bc8ec874c66eb"}
,"/Users/peterzernia/projects/wanderlist/src/actions/authActions.js": {"path":"/Users/peterzernia/projects/wanderlist/src/actions/authActions.js","statementMap":{"0":{"start":{"line":6,"column":25},"end":{"line":6,"column":53}},"1":{"start":{"line":6,"column":32},"end":{"line":6,"column":52}},"2":{"start":{"line":7,"column":27},"end":{"line":7,"column":67}},"3":{"start":{"line":7,"column":37},"end":{"line":7,"column":66}},"4":{"start":{"line":8,"column":24},"end":{"line":8,"column":51}},"5":{"start":{"line":8,"column":31},"end":{"line":8,"column":50}},"6":{"start":{"line":14,"column":26},"end":{"line":20,"column":1}},"7":{"start":{"line":15,"column":2},"end":{"line":15,"column":35}},"8":{"start":{"line":16,"column":2},"end":{"line":16,"column":38}},"9":{"start":{"line":17,"column":2},"end":{"line":19,"column":3}},"10":{"start":{"line":26,"column":25},"end":{"line":46,"column":1}},"11":{"start":{"line":27,"column":2},"end":{"line":45,"column":3}},"12":{"start":{"line":28,"column":4},"end":{"line":28,"column":26}},"13":{"start":{"line":29,"column":4},"end":{"line":44,"column":8}},"14":{"start":{"line":34,"column":22},"end":{"line":34,"column":39}},"15":{"start":{"line":35,"column":8},"end":{"line":35,"column":45}},"16":{"start":{"line":36,"column":8},"end":{"line":36,"column":51}},"17":{"start":{"line":37,"column":8},"end":{"line":37,"column":37}},"18":{"start":{"line":38,"column":8},"end":{"line":38,"column":30}},"19":{"start":{"line":39,"column":8},"end":{"line":39,"column":49}},"20":{"start":{"line":42,"column":8},"end":{"line":42,"column":29}},"21":{"start":{"line":43,"column":8},"end":{"line":43,"column":50}},"22":{"start":{"line":52,"column":28},"end":{"line":76,"column":1}},"23":{"start":{"line":53,"column":2},"end":{"line":75,"column":3}},"24":{"start":{"line":54,"column":4},"end":{"line":54,"column":37}},"25":{"start":{"line":55,"column":4},"end":{"line":55,"column":26}},"26":{"start":{"line":56,"column":4},"end":{"line":74,"column":8}},"27":{"start":{"line":64,"column":22},"end":{"line":64,"column":39}},"28":{"start":{"line":65,"column":8},"end":{"line":65,"column":45}},"29":{"start":{"line":66,"column":8},"end":{"line":66,"column":51}},"30":{"start":{"line":67,"column":8},"end":{"line":67,"column":37}},"31":{"start":{"line":68,"column":8},"end":{"line":68,"column":30}},"32":{"start":{"line":69,"column":8},"end":{"line":69,"column":86}},"33":{"start":{"line":72,"column":8},"end":{"line":72,"column":29}},"34":{"start":{"line":73,"column":8},"end":{"line":73,"column":50}},"35":{"start":{"line":83,"column":30},"end":{"line":92,"column":1}},"36":{"start":{"line":84,"column":16},"end":{"line":84,"column":45}},"37":{"start":{"line":85,"column":2},"end":{"line":91,"column":3}},"38":{"start":{"line":86,"column":4},"end":{"line":90,"column":5}},"39":{"start":{"line":87,"column":6},"end":{"line":87,"column":29}},"40":{"start":{"line":89,"column":6},"end":{"line":89,"column":35}},"41":{"start":{"line":100,"column":36},"end":{"line":112,"column":1}},"42":{"start":{"line":101,"column":2},"end":{"line":111,"column":3}},"43":{"start":{"line":102,"column":4},"end":{"line":110,"column":8}},"44":{"start":{"line":106,"column":8},"end":{"line":106,"column":94}},"45":{"start":{"line":109,"column":8},"end":{"line":109,"column":50}}},"fnMap":{"0":{"name":"(anonymous_0)","decl":{"start":{"line":6,"column":25},"end":{"line":6,"column":26}},"loc":{"start":{"line":6,"column":32},"end":{"line":6,"column":52}},"line":6},"1":{"name":"(anonymous_1)","decl":{"start":{"line":7,"column":27},"end":{"line":7,"column":28}},"loc":{"start":{"line":7,"column":37},"end":{"line":7,"column":66}},"line":7},"2":{"name":"(anonymous_2)","decl":{"start":{"line":8,"column":24},"end":{"line":8,"column":25}},"loc":{"start":{"line":8,"column":31},"end":{"line":8,"column":50}},"line":8},"3":{"name":"(anonymous_3)","decl":{"start":{"line":14,"column":26},"end":{"line":14,"column":27}},"loc":{"start":{"line":14,"column":32},"end":{"line":20,"column":1}},"line":14},"4":{"name":"(anonymous_4)","decl":{"start":{"line":26,"column":25},"end":{"line":26,"column":26}},"loc":{"start":{"line":26,"column":49},"end":{"line":46,"column":1}},"line":26},"5":{"name":"(anonymous_5)","decl":{"start":{"line":27,"column":9},"end":{"line":27,"column":10}},"loc":{"start":{"line":27,"column":21},"end":{"line":45,"column":3}},"line":27},"6":{"name":"(anonymous_6)","decl":{"start":{"line":33,"column":12},"end":{"line":33,"column":13}},"loc":{"start":{"line":33,"column":24},"end":{"line":40,"column":7}},"line":33},"7":{"name":"(anonymous_7)","decl":{"start":{"line":41,"column":13},"end":{"line":41,"column":14}},"loc":{"start":{"line":41,"column":20},"end":{"line":44,"column":7}},"line":41},"8":{"name":"(anonymous_8)","decl":{"start":{"line":52,"column":28},"end":{"line":52,"column":29}},"loc":{"start":{"line":52,"column":77},"end":{"line":76,"column":1}},"line":52},"9":{"name":"(anonymous_9)","decl":{"start":{"line":53,"column":9},"end":{"line":53,"column":10}},"loc":{"start":{"line":53,"column":21},"end":{"line":75,"column":3}},"line":53},"10":{"name":"(anonymous_10)","decl":{"start":{"line":63,"column":12},"end":{"line":63,"column":13}},"loc":{"start":{"line":63,"column":24},"end":{"line":70,"column":7}},"line":63},"11":{"name":"(anonymous_11)","decl":{"start":{"line":71,"column":13},"end":{"line":71,"column":14}},"loc":{"start":{"line":71,"column":20},"end":{"line":74,"column":7}},"line":71},"12":{"name":"(anonymous_12)","decl":{"start":{"line":83,"column":30},"end":{"line":83,"column":31}},"loc":{"start":{"line":83,"column":36},"end":{"line":92,"column":1}},"line":83},"13":{"name":"(anonymous_13)","decl":{"start":{"line":85,"column":9},"end":{"line":85,"column":10}},"loc":{"start":{"line":85,"column":21},"end":{"line":91,"column":3}},"line":85},"14":{"name":"(anonymous_14)","decl":{"start":{"line":100,"column":36},"end":{"line":100,"column":37}},"loc":{"start":{"line":100,"column":47},"end":{"line":112,"column":1}},"line":100},"15":{"name":"(anonymous_15)","decl":{"start":{"line":101,"column":9},"end":{"line":101,"column":10}},"loc":{"start":{"line":101,"column":21},"end":{"line":111,"column":3}},"line":101},"16":{"name":"(anonymous_16)","decl":{"start":{"line":105,"column":12},"end":{"line":105,"column":13}},"loc":{"start":{"line":105,"column":24},"end":{"line":107,"column":7}},"line":105},"17":{"name":"(anonymous_17)","decl":{"start":{"line":108,"column":13},"end":{"line":108,"column":14}},"loc":{"start":{"line":108,"column":20},"end":{"line":110,"column":7}},"line":108}},"branchMap":{"0":{"loc":{"start":{"line":86,"column":4},"end":{"line":90,"column":5}},"type":"if","locations":[{"start":{"line":86,"column":4},"end":{"line":90,"column":5}},{"start":{"line":86,"column":4},"end":{"line":90,"column":5}}],"line":86}},"s":{"0":7,"1":1,"2":7,"3":1,"4":7,"5":1,"6":7,"7":2,"8":2,"9":2,"10":7,"11":0,"12":0,"13":0,"14":0,"15":0,"16":0,"17":0,"18":0,"19":0,"20":0,"21":0,"22":7,"23":0,"24":0,"25":0,"26":0,"27":0,"28":0,"29":0,"30":0,"31":0,"32":0,"33":0,"34":0,"35":7,"36":1,"37":1,"38":1,"39":1,"40":0,"41":7,"42":0,"43":0,"44":0,"45":0},"f":{"0":1,"1":1,"2":1,"3":2,"4":0,"5":0,"6":0,"7":0,"8":0,"9":0,"10":0,"11":0,"12":1,"13":1,"14":0,"15":0,"16":0,"17":0},"b":{"0":[1,0]},"_coverageSchema":"332fd63041d2c1bcb487cc26dd0d5f7d97098a6c","hash":"506f8009dda700a883a36ecef2d65f4397118ac3"}
,"/Users/peterzernia/projects/wanderlist/src/actions/countryActions.js": {"path":"/Users/peterzernia/projects/wanderlist/src/actions/countryActions.js","statementMap":{"0":{"start":{"line":4,"column":35},"end":{"line":4,"column":74}},"1":{"start":{"line":4,"column":42},"end":{"line":4,"column":73}},"2":{"start":{"line":5,"column":37},"end":{"line":5,"column":92}},"3":{"start":{"line":5,"column":49},"end":{"line":5,"column":91}},"4":{"start":{"line":6,"column":36},"end":{"line":6,"column":76}},"5":{"start":{"line":6,"column":43},"end":{"line":6,"column":75}},"6":{"start":{"line":10,"column":28},"end":{"line":23,"column":1}},"7":{"start":{"line":11,"column":2},"end":{"line":22,"column":3}},"8":{"start":{"line":12,"column":4},"end":{"line":12,"column":36}},"9":{"start":{"line":13,"column":4},"end":{"line":21,"column":8}},"10":{"start":{"line":15,"column":24},"end":{"line":15,"column":37}},"11":{"start":{"line":16,"column":8},"end":{"line":16,"column":49}},"12":{"start":{"line":19,"column":8},"end":{"line":19,"column":41}},"13":{"start":{"line":20,"column":8},"end":{"line":20,"column":50}}},"fnMap":{"0":{"name":"(anonymous_0)","decl":{"start":{"line":4,"column":35},"end":{"line":4,"column":36}},"loc":{"start":{"line":4,"column":42},"end":{"line":4,"column":73}},"line":4},"1":{"name":"(anonymous_1)","decl":{"start":{"line":5,"column":37},"end":{"line":5,"column":38}},"loc":{"start":{"line":5,"column":49},"end":{"line":5,"column":91}},"line":5},"2":{"name":"(anonymous_2)","decl":{"start":{"line":6,"column":36},"end":{"line":6,"column":37}},"loc":{"start":{"line":6,"column":43},"end":{"line":6,"column":75}},"line":6},"3":{"name":"(anonymous_3)","decl":{"start":{"line":10,"column":28},"end":{"line":10,"column":29}},"loc":{"start":{"line":10,"column":39},"end":{"line":23,"column":1}},"line":10},"4":{"name":"(anonymous_4)","decl":{"start":{"line":11,"column":9},"end":{"line":11,"column":10}},"loc":{"start":{"line":11,"column":21},"end":{"line":22,"column":3}},"line":11},"5":{"name":"(anonymous_5)","decl":{"start":{"line":14,"column":12},"end":{"line":14,"column":13}},"loc":{"start":{"line":14,"column":24},"end":{"line":17,"column":7}},"line":14},"6":{"name":"(anonymous_6)","decl":{"start":{"line":18,"column":13},"end":{"line":18,"column":14}},"loc":{"start":{"line":18,"column":20},"end":{"line":21,"column":7}},"line":18}},"branchMap":{},"s":{"0":5,"1":5,"2":5,"3":2,"4":5,"5":2,"6":5,"7":2,"8":2,"9":2,"10":1,"11":1,"12":1,"13":1},"f":{"0":5,"1":2,"2":2,"3":2,"4":2,"5":1,"6":1},"b":{},"_coverageSchema":"332fd63041d2c1bcb487cc26dd0d5f7d97098a6c","hash":"eb3e62f2e5f3ead2bb2b8cdcf56826b0a5a75b53"}
,"/Users/peterzernia/projects/wanderlist/src/actions/errorActions.js": {"path":"/Users/peterzernia/projects/wanderlist/src/actions/errorActions.js","statementMap":{"0":{"start":{"line":2,"column":27},"end":{"line":2,"column":59}},"1":{"start":{"line":2,"column":34},"end":{"line":2,"column":58}}},"fnMap":{"0":{"name":"(anonymous_0)","decl":{"start":{"line":2,"column":27},"end":{"line":2,"column":28}},"loc":{"start":{"line":2,"column":34},"end":{"line":2,"column":58}},"line":2}},"branchMap":{},"s":{"0":11,"1":2},"f":{"0":2},"b":{},"_coverageSchema":"332fd63041d2c1bcb487cc26dd0d5f7d97098a6c","hash":"17190dd876979385b1e04d6464c3988de731a638"}
,"/Users/peterzernia/projects/wanderlist/src/actions/favoriteActions.js": {"path":"/Users/peterzernia/projects/wanderlist/src/actions/favoriteActions.js","statementMap":{"0":{"start":{"line":4,"column":39},"end":{"line":4,"column":98}},"1":{"start":{"line":4,"column":52},"end":{"line":4,"column":97}},"2":{"start":{"line":5,"column":38},"end":{"line":5,"column":80}},"3":{"start":{"line":5,"column":45},"end":{"line":5,"column":79}},"4":{"start":{"line":7,"column":30},"end":{"line":19,"column":1}},"5":{"start":{"line":8,"column":2},"end":{"line":18,"column":3}},"6":{"start":{"line":9,"column":18},"end":{"line":9,"column":47}},"7":{"start":{"line":10,"column":4},"end":{"line":17,"column":8}},"8":{"start":{"line":12,"column":8},"end":{"line":12,"column":57}},"9":{"start":{"line":15,"column":8},"end":{"line":15,"column":43}},"10":{"start":{"line":16,"column":8},"end":{"line":16,"column":50}}},"fnMap":{"0":{"name":"(anonymous_0)","decl":{"start":{"line":4,"column":39},"end":{"line":4,"column":40}},"loc":{"start":{"line":4,"column":52},"end":{"line":4,"column":97}},"line":4},"1":{"name":"(anonymous_1)","decl":{"start":{"line":5,"column":38},"end":{"line":5,"column":39}},"loc":{"start":{"line":5,"column":45},"end":{"line":5,"column":79}},"line":5},"2":{"name":"(anonymous_2)","decl":{"start":{"line":7,"column":30},"end":{"line":7,"column":31}},"loc":{"start":{"line":7,"column":46},"end":{"line":19,"column":1}},"line":7},"3":{"name":"(anonymous_3)","decl":{"start":{"line":8,"column":9},"end":{"line":8,"column":10}},"loc":{"start":{"line":8,"column":21},"end":{"line":18,"column":3}},"line":8},"4":{"name":"(anonymous_4)","decl":{"start":{"line":11,"column":12},"end":{"line":11,"column":13}},"loc":{"start":{"line":11,"column":24},"end":{"line":13,"column":7}},"line":11},"5":{"name":"(anonymous_5)","decl":{"start":{"line":14,"column":13},"end":{"line":14,"column":14}},"loc":{"start":{"line":14,"column":20},"end":{"line":17,"column":7}},"line":14}},"branchMap":{},"s":{"0":8,"1":1,"2":8,"3":1,"4":8,"5":0,"6":0,"7":0,"8":0,"9":0,"10":0},"f":{"0":1,"1":1,"2":0,"3":0,"4":0,"5":0},"b":{},"_coverageSchema":"332fd63041d2c1bcb487cc26dd0d5f7d97098a6c","hash":"65e8c4a843f74f464f0a9b099f44ca64852caa63"}
,"/Users/peterzernia/projects/wanderlist/src/actions/modalActions.js": {"path":"/Users/peterzernia/projects/wanderlist/src/actions/modalActions.js","statementMap":{"0":{"start":{"line":2,"column":32},"end":{"line":2,"column":94}},"1":{"start":{"line":2,"column":49},"end":{"line":2,"column":93}},"2":{"start":{"line":3,"column":33},"end":{"line":3,"column":72}},"3":{"start":{"line":3,"column":40},"end":{"line":3,"column":71}},"4":{"start":{"line":6,"column":36},"end":{"line":6,"column":103}},"5":{"start":{"line":6,"column":53},"end":{"line":6,"column":102}},"6":{"start":{"line":7,"column":37},"end":{"line":7,"column":81}},"7":{"start":{"line":7,"column":44},"end":{"line":7,"column":80}},"8":{"start":{"line":16,"column":29},"end":{"line":16,"column":64}},"9":{"start":{"line":16,"column":36},"end":{"line":16,"column":63}},"10":{"start":{"line":17,"column":35},"end":{"line":17,"column":95}},"11":{"start":{"line":17,"column":49},"end":{"line":17,"column":94}},"12":{"start":{"line":18,"column":30},"end":{"line":18,"column":66}},"13":{"start":{"line":18,"column":37},"end":{"line":18,"column":65}},"14":{"start":{"line":21,"column":38},"end":{"line":21,"column":100}},"15":{"start":{"line":21,"column":51},"end":{"line":21,"column":99}},"16":{"start":{"line":22,"column":39},"end":{"line":22,"column":85}},"17":{"start":{"line":22,"column":46},"end":{"line":22,"column":84}},"18":{"start":{"line":25,"column":35},"end":{"line":25,"column":95}},"19":{"start":{"line":25,"column":49},"end":{"line":25,"column":94}},"20":{"start":{"line":26,"column":36},"end":{"line":26,"column":79}},"21":{"start":{"line":26,"column":43},"end":{"line":26,"column":78}},"22":{"start":{"line":29,"column":32},"end":{"line":29,"column":71}},"23":{"start":{"line":29,"column":39},"end":{"line":29,"column":70}},"24":{"start":{"line":30,"column":33},"end":{"line":30,"column":73}},"25":{"start":{"line":30,"column":40},"end":{"line":30,"column":72}},"26":{"start":{"line":33,"column":33},"end":{"line":33,"column":102}},"27":{"start":{"line":33,"column":47},"end":{"line":33,"column":101}},"28":{"start":{"line":34,"column":34},"end":{"line":34,"column":75}},"29":{"start":{"line":34,"column":41},"end":{"line":34,"column":74}},"30":{"start":{"line":37,"column":30},"end":{"line":37,"column":98}},"31":{"start":{"line":37,"column":45},"end":{"line":37,"column":97}},"32":{"start":{"line":38,"column":31},"end":{"line":38,"column":68}},"33":{"start":{"line":38,"column":38},"end":{"line":38,"column":67}}},"fnMap":{"0":{"name":"(anonymous_0)","decl":{"start":{"line":2,"column":32},"end":{"line":2,"column":33}},"loc":{"start":{"line":2,"column":49},"end":{"line":2,"column":93}},"line":2},"1":{"name":"(anonymous_1)","decl":{"start":{"line":3,"column":33},"end":{"line":3,"column":34}},"loc":{"start":{"line":3,"column":40},"end":{"line":3,"column":71}},"line":3},"2":{"name":"(anonymous_2)","decl":{"start":{"line":6,"column":36},"end":{"line":6,"column":37}},"loc":{"start":{"line":6,"column":53},"end":{"line":6,"column":102}},"line":6},"3":{"name":"(anonymous_3)","decl":{"start":{"line":7,"column":37},"end":{"line":7,"column":38}},"loc":{"start":{"line":7,"column":44},"end":{"line":7,"column":80}},"line":7},"4":{"name":"(anonymous_4)","decl":{"start":{"line":16,"column":29},"end":{"line":16,"column":30}},"loc":{"start":{"line":16,"column":36},"end":{"line":16,"column":63}},"line":16},"5":{"name":"(anonymous_5)","decl":{"start":{"line":17,"column":35},"end":{"line":17,"column":36}},"loc":{"start":{"line":17,"column":49},"end":{"line":17,"column":94}},"line":17},"6":{"name":"(anonymous_6)","decl":{"start":{"line":18,"column":30},"end":{"line":18,"column":31}},"loc":{"start":{"line":18,"column":37},"end":{"line":18,"column":65}},"line":18},"7":{"name":"(anonymous_7)","decl":{"start":{"line":21,"column":38},"end":{"line":21,"column":39}},"loc":{"start":{"line":21,"column":51},"end":{"line":21,"column":99}},"line":21},"8":{"name":"(anonymous_8)","decl":{"start":{"line":22,"column":39},"end":{"line":22,"column":40}},"loc":{"start":{"line":22,"column":46},"end":{"line":22,"column":84}},"line":22},"9":{"name":"(anonymous_9)","decl":{"start":{"line":25,"column":35},"end":{"line":25,"column":36}},"loc":{"start":{"line":25,"column":49},"end":{"line":25,"column":94}},"line":25},"10":{"name":"(anonymous_10)","decl":{"start":{"line":26,"column":36},"end":{"line":26,"column":37}},"loc":{"start":{"line":26,"column":43},"end":{"line":26,"column":78}},"line":26},"11":{"name":"(anonymous_11)","decl":{"start":{"line":29,"column":32},"end":{"line":29,"column":33}},"loc":{"start":{"line":29,"column":39},"end":{"line":29,"column":70}},"line":29},"12":{"name":"(anonymous_12)","decl":{"start":{"line":30,"column":33},"end":{"line":30,"column":34}},"loc":{"start":{"line":30,"column":40},"end":{"line":30,"column":72}},"line":30},"13":{"name":"(anonymous_13)","decl":{"start":{"line":33,"column":33},"end":{"line":33,"column":34}},"loc":{"start":{"line":33,"column":47},"end":{"line":33,"column":101}},"line":33},"14":{"name":"(anonymous_14)","decl":{"start":{"line":34,"column":34},"end":{"line":34,"column":35}},"loc":{"start":{"line":34,"column":41},"end":{"line":34,"column":74}},"line":34},"15":{"name":"(anonymous_15)","decl":{"start":{"line":37,"column":30},"end":{"line":37,"column":31}},"loc":{"start":{"line":37,"column":45},"end":{"line":37,"column":97}},"line":37},"16":{"name":"(anonymous_16)","decl":{"start":{"line":38,"column":31},"end":{"line":38,"column":32}},"loc":{"start":{"line":38,"column":38},"end":{"line":38,"column":67}},"line":38}},"branchMap":{},"s":{"0":9,"1":1,"2":9,"3":1,"4":9,"5":1,"6":9,"7":1,"8":9,"9":1,"10":9,"11":1,"12":9,"13":1,"14":9,"15":1,"16":9,"17":1,"18":9,"19":1,"20":9,"21":1,"22":9,"23":1,"24":9,"25":1,"26":9,"27":1,"28":9,"29":1,"30":9,"31":1,"32":9,"33":1},"f":{"0":1,"1":1,"2":1,"3":1,"4":1,"5":1,"6":1,"7":1,"8":1,"9":1,"10":1,"11":1,"12":1,"13":1,"14":1,"15":1,"16":1},"b":{},"_coverageSchema":"332fd63041d2c1bcb487cc26dd0d5f7d97098a6c","hash":"39f5999cb8dfff0ac5c04cb0bd375ca89fea60b0"}
,"/Users/peterzernia/projects/wanderlist/src/actions/tripReportActions.js": {"path":"/Users/peterzernia/projects/wanderlist/src/actions/tripReportActions.js","statementMap":{"0":{"start":{"line":2,"column":0},"end":{"line":2,"column":43}},"1":{"start":{"line":3,"column":0},"end":{"line":3,"column":45}},"2":{"start":{"line":6,"column":39},"end":{"line":6,"column":83}},"3":{"start":{"line":6,"column":46},"end":{"line":6,"column":82}},"4":{"start":{"line":7,"column":41},"end":{"line":7,"column":109}},"5":{"start":{"line":7,"column":57},"end":{"line":7,"column":108}},"6":{"start":{"line":8,"column":40},"end":{"line":8,"column":85}},"7":{"start":{"line":8,"column":47},"end":{"line":8,"column":84}},"8":{"start":{"line":11,"column":43},"end":{"line":11,"column":92}},"9":{"start":{"line":11,"column":50},"end":{"line":11,"column":91}},"10":{"start":{"line":12,"column":45},"end":{"line":12,"column":118}},"11":{"start":{"line":12,"column":61},"end":{"line":12,"column":117}},"12":{"start":{"line":13,"column":44},"end":{"line":13,"column":94}},"13":{"start":{"line":13,"column":51},"end":{"line":13,"column":93}},"14":{"start":{"line":16,"column":43},"end":{"line":16,"column":92}},"15":{"start":{"line":16,"column":50},"end":{"line":16,"column":91}},"16":{"start":{"line":17,"column":45},"end":{"line":17,"column":118}},"17":{"start":{"line":17,"column":61},"end":{"line":17,"column":117}},"18":{"start":{"line":18,"column":44},"end":{"line":18,"column":94}},"19":{"start":{"line":18,"column":51},"end":{"line":18,"column":93}},"20":{"start":{"line":21,"column":47},"end":{"line":21,"column":101}},"21":{"start":{"line":21,"column":54},"end":{"line":21,"column":100}},"22":{"start":{"line":22,"column":49},"end":{"line":22,"column":127}},"23":{"start":{"line":22,"column":65},"end":{"line":22,"column":126}},"24":{"start":{"line":23,"column":48},"end":{"line":23,"column":103}},"25":{"start":{"line":23,"column":55},"end":{"line":23,"column":102}},"26":{"start":{"line":26,"column":38},"end":{"line":26,"column":81}},"27":{"start":{"line":26,"column":45},"end":{"line":26,"column":80}},"28":{"start":{"line":27,"column":40},"end":{"line":27,"column":101}},"29":{"start":{"line":27,"column":53},"end":{"line":27,"column":100}},"30":{"start":{"line":28,"column":39},"end":{"line":28,"column":83}},"31":{"start":{"line":28,"column":46},"end":{"line":28,"column":82}},"32":{"start":{"line":31,"column":40},"end":{"line":31,"column":85}},"33":{"start":{"line":31,"column":47},"end":{"line":31,"column":84}},"34":{"start":{"line":32,"column":42},"end":{"line":32,"column":105}},"35":{"start":{"line":32,"column":55},"end":{"line":32,"column":104}},"36":{"start":{"line":33,"column":41},"end":{"line":33,"column":87}},"37":{"start":{"line":33,"column":48},"end":{"line":33,"column":86}},"38":{"start":{"line":36,"column":40},"end":{"line":36,"column":85}},"39":{"start":{"line":36,"column":47},"end":{"line":36,"column":84}},"40":{"start":{"line":37,"column":42},"end":{"line":37,"column":105}},"41":{"start":{"line":37,"column":55},"end":{"line":37,"column":104}},"42":{"start":{"line":38,"column":41},"end":{"line":38,"column":87}},"43":{"start":{"line":38,"column":48},"end":{"line":38,"column":86}},"44":{"start":{"line":41,"column":43},"end":{"line":41,"column":92}},"45":{"start":{"line":41,"column":50},"end":{"line":41,"column":91}},"46":{"start":{"line":42,"column":45},"end":{"line":42,"column":118}},"47":{"start":{"line":42,"column":61},"end":{"line":42,"column":117}},"48":{"start":{"line":43,"column":44},"end":{"line":43,"column":94}},"49":{"start":{"line":43,"column":51},"end":{"line":43,"column":93}},"50":{"start":{"line":46,"column":46},"end":{"line":46,"column":98}},"51":{"start":{"line":46,"column":53},"end":{"line":46,"column":97}},"52":{"start":{"line":47,"column":48},"end":{"line":47,"column":122}},"53":{"start":{"line":47,"column":63},"end":{"line":47,"column":121}},"54":{"start":{"line":48,"column":47},"end":{"line":48,"column":100}},"55":{"start":{"line":48,"column":54},"end":{"line":48,"column":99}},"56":{"start":{"line":54,"column":32},"end":{"line":67,"column":1}},"57":{"start":{"line":55,"column":2},"end":{"line":66,"column":3}},"58":{"start":{"line":56,"column":4},"end":{"line":56,"column":40}},"59":{"start":{"line":57,"column":4},"end":{"line":65,"column":8}},"60":{"start":{"line":59,"column":28},"end":{"line":59,"column":41}},"61":{"start":{"line":60,"column":8},"end":{"line":60,"column":57}},"62":{"start":{"line":63,"column":8},"end":{"line":63,"column":45}},"63":{"start":{"line":64,"column":8},"end":{"line":64,"column":50}},"64":{"start":{"line":74,"column":36},"end":{"line":87,"column":1}},"65":{"start":{"line":75,"column":2},"end":{"line":86,"column":3}},"66":{"start":{"line":76,"column":4},"end":{"line":76,"column":44}},"67":{"start":{"line":77,"column":4},"end":{"line":85,"column":8}},"68":{"start":{"line":79,"column":28},"end":{"line":79,"column":41}},"69":{"start":{"line":80,"column":8},"end":{"line":80,"column":61}},"70":{"start":{"line":83,"column":8},"end":{"line":83,"column":49}},"71":{"start":{"line":84,"column":8},"end":{"line":84,"column":50}},"72":{"start":{"line":93,"column":36},"end":{"line":106,"column":1}},"73":{"start":{"line":94,"column":2},"end":{"line":105,"column":3}},"74":{"start":{"line":95,"column":4},"end":{"line":95,"column":44}},"75":{"start":{"line":96,"column":4},"end":{"line":104,"column":8}},"76":{"start":{"line":98,"column":28},"end":{"line":98,"column":41}},"77":{"start":{"line":99,"column":8},"end":{"line":99,"column":61}},"78":{"start":{"line":102,"column":8},"end":{"line":102,"column":49}},"79":{"start":{"line":103,"column":8},"end":{"line":103,"column":50}},"80":{"start":{"line":113,"column":40},"end":{"line":126,"column":1}},"81":{"start":{"line":114,"column":2},"end":{"line":125,"column":3}},"82":{"start":{"line":115,"column":4},"end":{"line":115,"column":48}},"83":{"start":{"line":116,"column":4},"end":{"line":124,"column":8}},"84":{"start":{"line":118,"column":28},"end":{"line":118,"column":41}},"85":{"start":{"line":119,"column":8},"end":{"line":119,"column":65}},"86":{"start":{"line":122,"column":8},"end":{"line":122,"column":53}},"87":{"start":{"line":123,"column":8},"end":{"line":123,"column":50}},"88":{"start":{"line":132,"column":30},"end":{"line":156,"column":1}},"89":{"start":{"line":133,"column":16},"end":{"line":133,"column":45}},"90":{"start":{"line":134,"column":2},"end":{"line":155,"column":3}},"91":{"start":{"line":135,"column":4},"end":{"line":135,"column":39}},"92":{"start":{"line":136,"column":21},"end":{"line":136,"column":35}},"93":{"start":{"line":137,"column":4},"end":{"line":137,"column":36}},"94":{"start":{"line":138,"column":4},"end":{"line":138,"column":40}},"95":{"start":{"line":139,"column":4},"end":{"line":139,"column":38}},"96":{"start":{"line":140,"column":4},"end":{"line":140,"column":44}},"97":{"start":{"line":141,"column":4},"end":{"line":143,"column":5}},"98":{"start":{"line":142,"column":6},"end":{"line":142,"column":38}},"99":{"start":{"line":144,"column":4},"end":{"line":154,"column":8}},"100":{"start":{"line":149,"column":8},"end":{"line":149,"column":58}},"101":{"start":{"line":152,"column":8},"end":{"line":152,"column":44}},"102":{"start":{"line":153,"column":8},"end":{"line":153,"column":50}},"103":{"start":{"line":159,"column":32},"end":{"line":177,"column":1}},"104":{"start":{"line":160,"column":16},"end":{"line":160,"column":45}},"105":{"start":{"line":161,"column":2},"end":{"line":176,"column":3}},"106":{"start":{"line":162,"column":4},"end":{"line":162,"column":41}},"107":{"start":{"line":163,"column":4},"end":{"line":175,"column":8}},"108":{"start":{"line":169,"column":8},"end":{"line":169,"column":57}},"109":{"start":{"line":170,"column":8},"end":{"line":170,"column":80}},"110":{"start":{"line":173,"column":8},"end":{"line":173,"column":46}},"111":{"start":{"line":174,"column":8},"end":{"line":174,"column":50}},"112":{"start":{"line":180,"column":32},"end":{"line":208,"column":1}},"113":{"start":{"line":181,"column":16},"end":{"line":181,"column":45}},"114":{"start":{"line":182,"column":2},"end":{"line":207,"column":3}},"115":{"start":{"line":183,"column":4},"end":{"line":183,"column":41}},"116":{"start":{"line":184,"column":21},"end":{"line":184,"column":35}},"117":{"start":{"line":185,"column":4},"end":{"line":185,"column":36}},"118":{"start":{"line":186,"column":4},"end":{"line":186,"column":40}},"119":{"start":{"line":187,"column":4},"end":{"line":187,"column":38}},"120":{"start":{"line":188,"column":4},"end":{"line":188,"column":44}},"121":{"start":{"line":190,"column":4},"end":{"line":192,"column":5}},"122":{"start":{"line":191,"column":6},"end":{"line":191,"column":38}},"123":{"start":{"line":193,"column":4},"end":{"line":206,"column":8}},"124":{"start":{"line":200,"column":8},"end":{"line":200,"column":60}},"125":{"start":{"line":201,"column":8},"end":{"line":201,"column":80}},"126":{"start":{"line":204,"column":8},"end":{"line":204,"column":46}},"127":{"start":{"line":205,"column":8},"end":{"line":205,"column":50}},"128":{"start":{"line":214,"column":36},"end":{"line":227,"column":1}},"129":{"start":{"line":215,"column":2},"end":{"line":226,"column":3}},"130":{"start":{"line":216,"column":4},"end":{"line":216,"column":44}},"131":{"start":{"line":217,"column":4},"end":{"line":225,"column":8}},"132":{"start":{"line":219,"column":28},"end":{"line":219,"column":41}},"133":{"start":{"line":220,"column":8},"end":{"line":220,"column":61}},"134":{"start":{"line":223,"column":8},"end":{"line":223,"column":49}},"135":{"start":{"line":224,"column":8},"end":{"line":224,"column":50}},"136":{"start":{"line":233,"column":39},"end":{"line":246,"column":1}},"137":{"start":{"line":234,"column":2},"end":{"line":245,"column":3}},"138":{"start":{"line":235,"column":4},"end":{"line":235,"column":47}},"139":{"start":{"line":236,"column":4},"end":{"line":244,"column":8}},"140":{"start":{"line":238,"column":27},"end":{"line":238,"column":40}},"141":{"start":{"line":239,"column":8},"end":{"line":239,"column":63}},"142":{"start":{"line":242,"column":8},"end":{"line":242,"column":52}},"143":{"start":{"line":243,"column":8},"end":{"line":243,"column":50}}},"fnMap":{"0":{"name":"(anonymous_0)","decl":{"start":{"line":6,"column":39},"end":{"line":6,"column":40}},"loc":{"start":{"line":6,"column":46},"end":{"line":6,"column":82}},"line":6},"1":{"name":"(anonymous_1)","decl":{"start":{"line":7,"column":41},"end":{"line":7,"column":42}},"loc":{"start":{"line":7,"column":57},"end":{"line":7,"column":108}},"line":7},"2":{"name":"(anonymous_2)","decl":{"start":{"line":8,"column":40},"end":{"line":8,"column":41}},"loc":{"start":{"line":8,"column":47},"end":{"line":8,"column":84}},"line":8},"3":{"name":"(anonymous_3)","decl":{"start":{"line":11,"column":43},"end":{"line":11,"column":44}},"loc":{"start":{"line":11,"column":50},"end":{"line":11,"column":91}},"line":11},"4":{"name":"(anonymous_4)","decl":{"start":{"line":12,"column":45},"end":{"line":12,"column":46}},"loc":{"start":{"line":12,"column":61},"end":{"line":12,"column":117}},"line":12},"5":{"name":"(anonymous_5)","decl":{"start":{"line":13,"column":44},"end":{"line":13,"column":45}},"loc":{"start":{"line":13,"column":51},"end":{"line":13,"column":93}},"line":13},"6":{"name":"(anonymous_6)","decl":{"start":{"line":16,"column":43},"end":{"line":16,"column":44}},"loc":{"start":{"line":16,"column":50},"end":{"line":16,"column":91}},"line":16},"7":{"name":"(anonymous_7)","decl":{"start":{"line":17,"column":45},"end":{"line":17,"column":46}},"loc":{"start":{"line":17,"column":61},"end":{"line":17,"column":117}},"line":17},"8":{"name":"(anonymous_8)","decl":{"start":{"line":18,"column":44},"end":{"line":18,"column":45}},"loc":{"start":{"line":18,"column":51},"end":{"line":18,"column":93}},"line":18},"9":{"name":"(anonymous_9)","decl":{"start":{"line":21,"column":47},"end":{"line":21,"column":48}},"loc":{"start":{"line":21,"column":54},"end":{"line":21,"column":100}},"line":21},"10":{"name":"(anonymous_10)","decl":{"start":{"line":22,"column":49},"end":{"line":22,"column":50}},"loc":{"start":{"line":22,"column":65},"end":{"line":22,"column":126}},"line":22},"11":{"name":"(anonymous_11)","decl":{"start":{"line":23,"column":48},"end":{"line":23,"column":49}},"loc":{"start":{"line":23,"column":55},"end":{"line":23,"column":102}},"line":23},"12":{"name":"(anonymous_12)","decl":{"start":{"line":26,"column":38},"end":{"line":26,"column":39}},"loc":{"start":{"line":26,"column":45},"end":{"line":26,"column":80}},"line":26},"13":{"name":"(anonymous_13)","decl":{"start":{"line":27,"column":40},"end":{"line":27,"column":41}},"loc":{"start":{"line":27,"column":53},"end":{"line":27,"column":100}},"line":27},"14":{"name":"(anonymous_14)","decl":{"start":{"line":28,"column":39},"end":{"line":28,"column":40}},"loc":{"start":{"line":28,"column":46},"end":{"line":28,"column":82}},"line":28},"15":{"name":"(anonymous_15)","decl":{"start":{"line":31,"column":40},"end":{"line":31,"column":41}},"loc":{"start":{"line":31,"column":47},"end":{"line":31,"column":84}},"line":31},"16":{"name":"(anonymous_16)","decl":{"start":{"line":32,"column":42},"end":{"line":32,"column":43}},"loc":{"start":{"line":32,"column":55},"end":{"line":32,"column":104}},"line":32},"17":{"name":"(anonymous_17)","decl":{"start":{"line":33,"column":41},"end":{"line":33,"column":42}},"loc":{"start":{"line":33,"column":48},"end":{"line":33,"column":86}},"line":33},"18":{"name":"(anonymous_18)","decl":{"start":{"line":36,"column":40},"end":{"line":36,"column":41}},"loc":{"start":{"line":36,"column":47},"end":{"line":36,"column":84}},"line":36},"19":{"name":"(anonymous_19)","decl":{"start":{"line":37,"column":42},"end":{"line":37,"column":43}},"loc":{"start":{"line":37,"column":55},"end":{"line":37,"column":104}},"line":37},"20":{"name":"(anonymous_20)","decl":{"start":{"line":38,"column":41},"end":{"line":38,"column":42}},"loc":{"start":{"line":38,"column":48},"end":{"line":38,"column":86}},"line":38},"21":{"name":"(anonymous_21)","decl":{"start":{"line":41,"column":43},"end":{"line":41,"column":44}},"loc":{"start":{"line":41,"column":50},"end":{"line":41,"column":91}},"line":41},"22":{"name":"(anonymous_22)","decl":{"start":{"line":42,"column":45},"end":{"line":42,"column":46}},"loc":{"start":{"line":42,"column":61},"end":{"line":42,"column":117}},"line":42},"23":{"name":"(anonymous_23)","decl":{"start":{"line":43,"column":44},"end":{"line":43,"column":45}},"loc":{"start":{"line":43,"column":51},"end":{"line":43,"column":93}},"line":43},"24":{"name":"(anonymous_24)","decl":{"start":{"line":46,"column":46},"end":{"line":46,"column":47}},"loc":{"start":{"line":46,"column":53},"end":{"line":46,"column":97}},"line":46},"25":{"name":"(anonymous_25)","decl":{"start":{"line":47,"column":48},"end":{"line":47,"column":49}},"loc":{"start":{"line":47,"column":63},"end":{"line":47,"column":121}},"line":47},"26":{"name":"(anonymous_26)","decl":{"start":{"line":48,"column":47},"end":{"line":48,"column":48}},"loc":{"start":{"line":48,"column":54},"end":{"line":48,"column":99}},"line":48},"27":{"name":"(anonymous_27)","decl":{"start":{"line":54,"column":32},"end":{"line":54,"column":33}},"loc":{"start":{"line":54,"column":41},"end":{"line":67,"column":1}},"line":54},"28":{"name":"(anonymous_28)","decl":{"start":{"line":55,"column":9},"end":{"line":55,"column":10}},"loc":{"start":{"line":55,"column":21},"end":{"line":66,"column":3}},"line":55},"29":{"name":"(anonymous_29)","decl":{"start":{"line":58,"column":12},"end":{"line":58,"column":13}},"loc":{"start":{"line":58,"column":24},"end":{"line":61,"column":7}},"line":58},"30":{"name":"(anonymous_30)","decl":{"start":{"line":62,"column":13},"end":{"line":62,"column":14}},"loc":{"start":{"line":62,"column":20},"end":{"line":65,"column":7}},"line":62},"31":{"name":"(anonymous_31)","decl":{"start":{"line":74,"column":36},"end":{"line":74,"column":37}},"loc":{"start":{"line":74,"column":45},"end":{"line":87,"column":1}},"line":74},"32":{"name":"(anonymous_32)","decl":{"start":{"line":75,"column":9},"end":{"line":75,"column":10}},"loc":{"start":{"line":75,"column":21},"end":{"line":86,"column":3}},"line":75},"33":{"name":"(anonymous_33)","decl":{"start":{"line":78,"column":12},"end":{"line":78,"column":13}},"loc":{"start":{"line":78,"column":24},"end":{"line":81,"column":7}},"line":78},"34":{"name":"(anonymous_34)","decl":{"start":{"line":82,"column":13},"end":{"line":82,"column":14}},"loc":{"start":{"line":82,"column":20},"end":{"line":85,"column":7}},"line":82},"35":{"name":"(anonymous_35)","decl":{"start":{"line":93,"column":36},"end":{"line":93,"column":37}},"loc":{"start":{"line":93,"column":50},"end":{"line":106,"column":1}},"line":93},"36":{"name":"(anonymous_36)","decl":{"start":{"line":94,"column":9},"end":{"line":94,"column":10}},"loc":{"start":{"line":94,"column":21},"end":{"line":105,"column":3}},"line":94},"37":{"name":"(anonymous_37)","decl":{"start":{"line":97,"column":12},"end":{"line":97,"column":13}},"loc":{"start":{"line":97,"column":24},"end":{"line":100,"column":7}},"line":97},"38":{"name":"(anonymous_38)","decl":{"start":{"line":101,"column":13},"end":{"line":101,"column":14}},"loc":{"start":{"line":101,"column":20},"end":{"line":104,"column":7}},"line":101},"39":{"name":"(anonymous_39)","decl":{"start":{"line":113,"column":40},"end":{"line":113,"column":41}},"loc":{"start":{"line":113,"column":49},"end":{"line":126,"column":1}},"line":113},"40":{"name":"(anonymous_40)","decl":{"start":{"line":114,"column":9},"end":{"line":114,"column":10}},"loc":{"start":{"line":114,"column":21},"end":{"line":125,"column":3}},"line":114},"41":{"name":"(anonymous_41)","decl":{"start":{"line":117,"column":12},"end":{"line":117,"column":13}},"loc":{"start":{"line":117,"column":24},"end":{"line":120,"column":7}},"line":117},"42":{"name":"(anonymous_42)","decl":{"start":{"line":121,"column":13},"end":{"line":121,"column":14}},"loc":{"start":{"line":121,"column":20},"end":{"line":124,"column":7}},"line":121},"43":{"name":"(anonymous_43)","decl":{"start":{"line":132,"column":30},"end":{"line":132,"column":31}},"loc":{"start":{"line":132,"column":76},"end":{"line":156,"column":1}},"line":132},"44":{"name":"(anonymous_44)","decl":{"start":{"line":134,"column":9},"end":{"line":134,"column":10}},"loc":{"start":{"line":134,"column":21},"end":{"line":155,"column":3}},"line":134},"45":{"name":"(anonymous_45)","decl":{"start":{"line":148,"column":12},"end":{"line":148,"column":13}},"loc":{"start":{"line":148,"column":24},"end":{"line":150,"column":7}},"line":148},"46":{"name":"(anonymous_46)","decl":{"start":{"line":151,"column":13},"end":{"line":151,"column":14}},"loc":{"start":{"line":151,"column":20},"end":{"line":154,"column":7}},"line":151},"47":{"name":"(anonymous_47)","decl":{"start":{"line":159,"column":32},"end":{"line":159,"column":33}},"loc":{"start":{"line":159,"column":48},"end":{"line":177,"column":1}},"line":159},"48":{"name":"(anonymous_48)","decl":{"start":{"line":161,"column":9},"end":{"line":161,"column":10}},"loc":{"start":{"line":161,"column":21},"end":{"line":176,"column":3}},"line":161},"49":{"name":"(anonymous_49)","decl":{"start":{"line":168,"column":12},"end":{"line":168,"column":13}},"loc":{"start":{"line":168,"column":24},"end":{"line":171,"column":7}},"line":168},"50":{"name":"(anonymous_50)","decl":{"start":{"line":172,"column":13},"end":{"line":172,"column":14}},"loc":{"start":{"line":172,"column":20},"end":{"line":175,"column":7}},"line":172},"51":{"name":"(anonymous_51)","decl":{"start":{"line":180,"column":32},"end":{"line":180,"column":33}},"loc":{"start":{"line":180,"column":90},"end":{"line":208,"column":1}},"line":180},"52":{"name":"(anonymous_52)","decl":{"start":{"line":182,"column":9},"end":{"line":182,"column":10}},"loc":{"start":{"line":182,"column":21},"end":{"line":207,"column":3}},"line":182},"53":{"name":"(anonymous_53)","decl":{"start":{"line":199,"column":12},"end":{"line":199,"column":13}},"loc":{"start":{"line":199,"column":24},"end":{"line":202,"column":7}},"line":199},"54":{"name":"(anonymous_54)","decl":{"start":{"line":203,"column":13},"end":{"line":203,"column":14}},"loc":{"start":{"line":203,"column":20},"end":{"line":206,"column":7}},"line":203},"55":{"name":"(anonymous_55)","decl":{"start":{"line":214,"column":36},"end":{"line":214,"column":37}},"loc":{"start":{"line":214,"column":46},"end":{"line":227,"column":1}},"line":214},"56":{"name":"(anonymous_56)","decl":{"start":{"line":215,"column":9},"end":{"line":215,"column":10}},"loc":{"start":{"line":215,"column":21},"end":{"line":226,"column":3}},"line":215},"57":{"name":"(anonymous_57)","decl":{"start":{"line":218,"column":12},"end":{"line":218,"column":13}},"loc":{"start":{"line":218,"column":24},"end":{"line":221,"column":7}},"line":218},"58":{"name":"(anonymous_58)","decl":{"start":{"line":222,"column":13},"end":{"line":222,"column":14}},"loc":{"start":{"line":222,"column":20},"end":{"line":225,"column":7}},"line":222},"59":{"name":"(anonymous_59)","decl":{"start":{"line":233,"column":39},"end":{"line":233,"column":40}},"loc":{"start":{"line":233,"column":49},"end":{"line":246,"column":1}},"line":233},"60":{"name":"(anonymous_60)","decl":{"start":{"line":234,"column":9},"end":{"line":234,"column":10}},"loc":{"start":{"line":234,"column":21},"end":{"line":245,"column":3}},"line":234},"61":{"name":"(anonymous_61)","decl":{"start":{"line":237,"column":12},"end":{"line":237,"column":13}},"loc":{"start":{"line":237,"column":24},"end":{"line":240,"column":7}},"line":237},"62":{"name":"(anonymous_62)","decl":{"start":{"line":241,"column":13},"end":{"line":241,"column":14}},"loc":{"start":{"line":241,"column":20},"end":{"line":244,"column":7}},"line":241}},"branchMap":{"0":{"loc":{"start":{"line":141,"column":4},"end":{"line":143,"column":5}},"type":"if","locations":[{"start":{"line":141,"column":4},"end":{"line":143,"column":5}},{"start":{"line":141,"column":4},"end":{"line":143,"column":5}}],"line":141},"1":{"loc":{"start":{"line":190,"column":4},"end":{"line":192,"column":5}},"type":"if","locations":[{"start":{"line":190,"column":4},"end":{"line":192,"column":5}},{"start":{"line":190,"column":4},"end":{"line":192,"column":5}}],"line":190}},"s":{"0":12,"1":12,"2":12,"3":2,"4":12,"5":1,"6":12,"7":1,"8":12,"9":2,"10":12,"11":2,"12":12,"13":2,"14":12,"15":1,"16":12,"17":1,"18":12,"19":1,"20":12,"21":1,"22":12,"23":1,"24":12,"25":1,"26":12,"27":1,"28":12,"29":1,"30":12,"31":1,"32":12,"33":1,"34":12,"35":1,"36":12,"37":1,"38":12,"39":1,"40":12,"41":1,"42":12,"43":1,"44":12,"45":1,"46":12,"47":1,"48":12,"49":1,"50":12,"51":2,"52":12,"53":1,"54":12,"55":1,"56":12,"57":1,"58":1,"59":1,"60":0,"61":0,"62":0,"63":0,"64":12,"65":0,"66":0,"67":0,"68":0,"69":0,"70":0,"71":0,"72":12,"73":0,"74":0,"75":0,"76":0,"77":0,"78":0,"79":0,"80":12,"81":0,"82":0,"83":0,"84":0,"85":0,"86":0,"87":0,"88":12,"89":0,"90":0,"91":0,"92":0,"93":0,"94":0,"95":0,"96":0,"97":0,"98":0,"99":0,"100":0,"101":0,"102":0,"103":12,"104":0,"105":0,"106":0,"107":0,"108":0,"109":0,"110":0,"111":0,"112":12,"113":0,"114":0,"115":0,"116":0,"117":0,"118":0,"119":0,"120":0,"121":0,"122":0,"123":0,"124":0,"125":0,"126":0,"127":0,"128":12,"129":0,"130":0,"131":0,"132":0,"133":0,"134":0,"135":0,"136":12,"137":1,"138":1,"139":1,"140":0,"141":0,"142":0,"143":0},"f":{"0":2,"1":1,"2":1,"3":2,"4":2,"5":2,"6":1,"7":1,"8":1,"9":1,"10":1,"11":1,"12":1,"13":1,"14":1,"15":1,"16":1,"17":1,"18":1,"19":1,"20":1,"21":1,"22":1,"23":1,"24":2,"25":1,"26":1,"27":1,"28":1,"29":0,"30":0,"31":0,"32":0,"33":0,"34":0,"35":0,"36":0,"37":0,"38":0,"39":0,"40":0,"41":0,"42":0,"43":0,"44":0,"45":0,"46":0,"47":0,"48":0,"49":0,"50":0,"51":0,"52":0,"53":0,"54":0,"55":0,"56":0,"57":0,"58":0,"59":1,"60":1,"61":0,"62":0},"b":{"0":[0,0],"1":[0,0]},"_coverageSchema":"332fd63041d2c1bcb487cc26dd0d5f7d97098a6c","hash":"079071c1357fd469b93e1bc586e2b2d7441ed394"}
,"/Users/peterzernia/projects/wanderlist/src/actions/userActions.js": {"path":"/Users/peterzernia/projects/wanderlist/src/actions/userActions.js","statementMap":{"0":{"start":{"line":4,"column":32},"end":{"line":4,"column":68}},"1":{"start":{"line":4,"column":39},"end":{"line":4,"column":67}},"2":{"start":{"line":5,"column":34},"end":{"line":5,"column":80}},"3":{"start":{"line":5,"column":43},"end":{"line":5,"column":79}},"4":{"start":{"line":6,"column":33},"end":{"line":6,"column":70}},"5":{"start":{"line":6,"column":40},"end":{"line":6,"column":69}},"6":{"start":{"line":9,"column":36},"end":{"line":9,"column":85}},"7":{"start":{"line":9,"column":45},"end":{"line":9,"column":84}},"8":{"start":{"line":10,"column":35},"end":{"line":10,"column":75}},"9":{"start":{"line":10,"column":42},"end":{"line":10,"column":74}},"10":{"start":{"line":13,"column":38},"end":{"line":13,"column":81}},"11":{"start":{"line":13,"column":45},"end":{"line":13,"column":80}},"12":{"start":{"line":14,"column":40},"end":{"line":14,"column":93}},"13":{"start":{"line":14,"column":49},"end":{"line":14,"column":92}},"14":{"start":{"line":15,"column":39},"end":{"line":15,"column":83}},"15":{"start":{"line":15,"column":46},"end":{"line":15,"column":82}},"16":{"start":{"line":18,"column":25},"end":{"line":32,"column":1}},"17":{"start":{"line":19,"column":16},"end":{"line":19,"column":45}},"18":{"start":{"line":20,"column":2},"end":{"line":31,"column":3}},"19":{"start":{"line":21,"column":4},"end":{"line":21,"column":33}},"20":{"start":{"line":22,"column":4},"end":{"line":30,"column":8}},"21":{"start":{"line":24,"column":21},"end":{"line":24,"column":34}},"22":{"start":{"line":25,"column":8},"end":{"line":25,"column":43}},"23":{"start":{"line":28,"column":8},"end":{"line":28,"column":38}},"24":{"start":{"line":29,"column":8},"end":{"line":29,"column":50}},"25":{"start":{"line":35,"column":27},"end":{"line":59,"column":1}},"26":{"start":{"line":36,"column":16},"end":{"line":36,"column":45}},"27":{"start":{"line":37,"column":2},"end":{"line":58,"column":3}},"28":{"start":{"line":38,"column":4},"end":{"line":57,"column":8}},"29":{"start":{"line":50,"column":21},"end":{"line":50,"column":34}},"30":{"start":{"line":51,"column":8},"end":{"line":51,"column":45}},"31":{"start":{"line":52,"column":8},"end":{"line":52,"column":58}},"32":{"start":{"line":55,"column":8},"end":{"line":55,"column":40}},"33":{"start":{"line":56,"column":8},"end":{"line":56,"column":50}},"34":{"start":{"line":62,"column":31},"end":{"line":75,"column":1}},"35":{"start":{"line":63,"column":2},"end":{"line":74,"column":3}},"36":{"start":{"line":64,"column":4},"end":{"line":64,"column":39}},"37":{"start":{"line":65,"column":4},"end":{"line":73,"column":8}},"38":{"start":{"line":67,"column":21},"end":{"line":67,"column":34}},"39":{"start":{"line":68,"column":8},"end":{"line":68,"column":49}},"40":{"start":{"line":71,"column":8},"end":{"line":71,"column":44}},"41":{"start":{"line":72,"column":8},"end":{"line":72,"column":50}}},"fnMap":{"0":{"name":"(anonymous_0)","decl":{"start":{"line":4,"column":32},"end":{"line":4,"column":33}},"loc":{"start":{"line":4,"column":39},"end":{"line":4,"column":67}},"line":4},"1":{"name":"(anonymous_1)","decl":{"start":{"line":5,"column":34},"end":{"line":5,"column":35}},"loc":{"start":{"line":5,"column":43},"end":{"line":5,"column":79}},"line":5},"2":{"name":"(anonymous_2)","decl":{"start":{"line":6,"column":33},"end":{"line":6,"column":34}},"loc":{"start":{"line":6,"column":40},"end":{"line":6,"column":69}},"line":6},"3":{"name":"(anonymous_3)","decl":{"start":{"line":9,"column":36},"end":{"line":9,"column":37}},"loc":{"start":{"line":9,"column":45},"end":{"line":9,"column":84}},"line":9},"4":{"name":"(anonymous_4)","decl":{"start":{"line":10,"column":35},"end":{"line":10,"column":36}},"loc":{"start":{"line":10,"column":42},"end":{"line":10,"column":74}},"line":10},"5":{"name":"(anonymous_5)","decl":{"start":{"line":13,"column":38},"end":{"line":13,"column":39}},"loc":{"start":{"line":13,"column":45},"end":{"line":13,"column":80}},"line":13},"6":{"name":"(anonymous_6)","decl":{"start":{"line":14,"column":40},"end":{"line":14,"column":41}},"loc":{"start":{"line":14,"column":49},"end":{"line":14,"column":92}},"line":14},"7":{"name":"(anonymous_7)","decl":{"start":{"line":15,"column":39},"end":{"line":15,"column":40}},"loc":{"start":{"line":15,"column":46},"end":{"line":15,"column":82}},"line":15},"8":{"name":"(anonymous_8)","decl":{"start":{"line":18,"column":25},"end":{"line":18,"column":26}},"loc":{"start":{"line":18,"column":31},"end":{"line":32,"column":1}},"line":18},"9":{"name":"(anonymous_9)","decl":{"start":{"line":20,"column":9},"end":{"line":20,"column":10}},"loc":{"start":{"line":20,"column":21},"end":{"line":31,"column":3}},"line":20},"10":{"name":"(anonymous_10)","decl":{"start":{"line":23,"column":12},"end":{"line":23,"column":13}},"loc":{"start":{"line":23,"column":24},"end":{"line":26,"column":7}},"line":23},"11":{"name":"(anonymous_11)","decl":{"start":{"line":27,"column":13},"end":{"line":27,"column":14}},"loc":{"start":{"line":27,"column":20},"end":{"line":30,"column":7}},"line":27},"12":{"name":"(anonymous_12)","decl":{"start":{"line":35,"column":27},"end":{"line":35,"column":28}},"loc":{"start":{"line":35,"column":85},"end":{"line":59,"column":1}},"line":35},"13":{"name":"(anonymous_13)","decl":{"start":{"line":37,"column":9},"end":{"line":37,"column":10}},"loc":{"start":{"line":37,"column":21},"end":{"line":58,"column":3}},"line":37},"14":{"name":"(anonymous_14)","decl":{"start":{"line":49,"column":12},"end":{"line":49,"column":13}},"loc":{"start":{"line":49,"column":24},"end":{"line":53,"column":7}},"line":49},"15":{"name":"(anonymous_15)","decl":{"start":{"line":54,"column":13},"end":{"line":54,"column":14}},"loc":{"start":{"line":54,"column":20},"end":{"line":57,"column":7}},"line":54},"16":{"name":"(anonymous_16)","decl":{"start":{"line":62,"column":31},"end":{"line":62,"column":32}},"loc":{"start":{"line":62,"column":45},"end":{"line":75,"column":1}},"line":62},"17":{"name":"(anonymous_17)","decl":{"start":{"line":63,"column":9},"end":{"line":63,"column":10}},"loc":{"start":{"line":63,"column":21},"end":{"line":74,"column":3}},"line":63},"18":{"name":"(anonymous_18)","decl":{"start":{"line":66,"column":12},"end":{"line":66,"column":13}},"loc":{"start":{"line":66,"column":24},"end":{"line":69,"column":7}},"line":66},"19":{"name":"(anonymous_19)","decl":{"start":{"line":70,"column":13},"end":{"line":70,"column":14}},"loc":{"start":{"line":70,"column":20},"end":{"line":73,"column":7}},"line":70}},"branchMap":{},"s":{"0":11,"1":1,"2":11,"3":1,"4":11,"5":1,"6":11,"7":1,"8":11,"9":1,"10":11,"11":1,"12":11,"13":1,"14":11,"15":1,"16":11,"17":0,"18":0,"19":0,"20":0,"21":0,"22":0,"23":0,"24":0,"25":11,"26":0,"27":0,"28":0,"29":0,"30":0,"31":0,"32":0,"33":0,"34":11,"35":0,"36":0,"37":0,"38":0,"39":0,"40":0,"41":0},"f":{"0":1,"1":1,"2":1,"3":1,"4":1,"5":1,"6":1,"7":1,"8":0,"9":0,"10":0,"11":0,"12":0,"13":0,"14":0,"15":0,"16":0,"17":0,"18":0,"19":0},"b":{},"_coverageSchema":"332fd63041d2c1bcb487cc26dd0d5f7d97098a6c","hash":"9fe904b7823cf2f1c6eba1ac9ad037a8d33bffdf"}
,"/Users/peterzernia/projects/wanderlist/src/components/ConfirmDeleteModal.js": {"path":"/Users/peterzernia/projects/wanderlist/src/components/ConfirmDeleteModal.js","statementMap":{"0":{"start":{"line":8,"column":27},"end":{"line":24,"column":1}},"1":{"start":{"line":9,"column":2},"end":{"line":23,"column":11}},"2":{"start":{"line":15,"column":30},"end":{"line":15,"column":62}},"3":{"start":{"line":15,"column":63},"end":{"line":15,"column":103}},"4":{"start":{"line":18,"column":29},"end":{"line":18,"column":60}}},"fnMap":{"0":{"name":"(anonymous_0)","decl":{"start":{"line":8,"column":27},"end":{"line":8,"column":28}},"loc":{"start":{"line":9,"column":2},"end":{"line":23,"column":11}},"line":9},"1":{"name":"(anonymous_1)","decl":{"start":{"line":15,"column":23},"end":{"line":15,"column":24}},"loc":{"start":{"line":15,"column":29},"end":{"line":15,"column":104}},"line":15},"2":{"name":"(anonymous_2)","decl":{"start":{"line":18,"column":23},"end":{"line":18,"column":24}},"loc":{"start":{"line":18,"column":29},"end":{"line":18,"column":60}},"line":18}},"branchMap":{},"s":{"0":4,"1":1,"2":1,"3":1,"4":1},"f":{"0":1,"1":1,"2":1},"b":{},"_coverageSchema":"332fd63041d2c1bcb487cc26dd0d5f7d97098a6c","hash":"448f2de3ad7087b8a69543afadab5e0f8ef8a4ee"}
,"/Users/peterzernia/projects/wanderlist/src/components/CopyLinkModal.js": {"path":"/Users/peterzernia/projects/wanderlist/src/components/CopyLinkModal.js","statementMap":{"0":{"start":{"line":9,"column":22},"end":{"line":20,"column":1}},"1":{"start":{"line":10,"column":2},"end":{"line":19,"column":11}},"2":{"start":{"line":14,"column":31},"end":{"line":14,"column":57}}},"fnMap":{"0":{"name":"(anonymous_0)","decl":{"start":{"line":9,"column":22},"end":{"line":9,"column":23}},"loc":{"start":{"line":10,"column":2},"end":{"line":19,"column":11}},"line":10},"1":{"name":"(anonymous_1)","decl":{"start":{"line":14,"column":25},"end":{"line":14,"column":26}},"loc":{"start":{"line":14,"column":31},"end":{"line":14,"column":57}},"line":14}},"branchMap":{},"s":{"0":8,"1":2,"2":1},"f":{"0":2,"1":1},"b":{},"_coverageSchema":"332fd63041d2c1bcb487cc26dd0d5f7d97098a6c","hash":"abc1643517c2941e7da2b8d46392369c077db671"}
,"/Users/peterzernia/projects/wanderlist/src/components/CountryModal.js": {"path":"/Users/peterzernia/projects/wanderlist/src/components/CountryModal.js","statementMap":{"0":{"start":{"line":8,"column":0},"end":{"line":8,"column":33}},"1":{"start":{"line":9,"column":16},"end":{"line":9,"column":52}},"2":{"start":{"line":11,"column":21},"end":{"line":89,"column":1}},"3":{"start":{"line":13,"column":16},"end":{"line":19,"column":3}},"4":{"start":{"line":26,"column":2},"end":{"line":88,"column":3}},"5":{"start":{"line":67,"column":158},"end":{"line":67,"column":171}},"6":{"start":{"line":71,"column":180},"end":{"line":71,"column":189}}},"fnMap":{"0":{"name":"(anonymous_0)","decl":{"start":{"line":11,"column":21},"end":{"line":11,"column":22}},"loc":{"start":{"line":11,"column":32},"end":{"line":89,"column":1}},"line":11},"1":{"name":"(anonymous_1)","decl":{"start":{"line":67,"column":146},"end":{"line":67,"column":147}},"loc":{"start":{"line":67,"column":158},"end":{"line":67,"column":171}},"line":67},"2":{"name":"(anonymous_2)","decl":{"start":{"line":71,"column":172},"end":{"line":71,"column":173}},"loc":{"start":{"line":71,"column":180},"end":{"line":71,"column":189}},"line":71}},"branchMap":{"0":{"loc":{"start":{"line":40,"column":14},"end":{"line":52,"column":20}},"type":"binary-expr","locations":[{"start":{"line":40,"column":14},"end":{"line":40,"column":39}},{"start":{"line":41,"column":14},"end":{"line":52,"column":20}}],"line":40},"1":{"loc":{"start":{"line":63,"column":15},"end":{"line":63,"column":122}},"type":"binary-expr","locations":[{"start":{"line":63,"column":15},"end":{"line":63,"column":45}},{"start":{"line":63,"column":49},"end":{"line":63,"column":122}}],"line":63},"2":{"loc":{"start":{"line":64,"column":15},"end":{"line":64,"column":145}},"type":"binary-expr","locations":[{"start":{"line":64,"column":15},"end":{"line":64,"column":47}},{"start":{"line":64,"column":51},"end":{"line":64,"column":145}}],"line":64},"3":{"loc":{"start":{"line":65,"column":15},"end":{"line":65,"column":110}},"type":"binary-expr","locations":[{"start":{"line":65,"column":15},"end":{"line":65,"column":41}},{"start":{"line":65,"column":45},"end":{"line":65,"column":110}}],"line":65},"4":{"loc":{"start":{"line":66,"column":15},"end":{"line":66,"column":110}},"type":"binary-expr","locations":[{"start":{"line":66,"column":15},"end":{"line":66,"column":41}},{"start":{"line":66,"column":45},"end":{"line":66,"column":110}}],"line":66},"5":{"loc":{"start":{"line":67,"column":15},"end":{"line":67,"column":190}},"type":"binary-expr","locations":[{"start":{"line":67,"column":15},"end":{"line":67,"column":43}},{"start":{"line":67,"column":47},"end":{"line":67,"column":190}}],"line":67},"6":{"loc":{"start":{"line":67,"column":81},"end":{"line":67,"column":183}},"type":"binary-expr","locations":[{"start":{"line":67,"column":81},"end":{"line":67,"column":109}},{"start":{"line":67,"column":113},"end":{"line":67,"column":183}}],"line":67},"7":{"loc":{"start":{"line":68,"column":15},"end":{"line":68,"column":107}},"type":"binary-expr","locations":[{"start":{"line":68,"column":15},"end":{"line":68,"column":40}},{"start":{"line":68,"column":44},"end":{"line":68,"column":107}}],"line":68},"8":{"loc":{"start":{"line":69,"column":15},"end":{"line":69,"column":116}},"type":"binary-expr","locations":[{"start":{"line":69,"column":15},"end":{"line":69,"column":43}},{"start":{"line":69,"column":47},"end":{"line":69,"column":116}}],"line":69},"9":{"loc":{"start":{"line":70,"column":15},"end":{"line":70,"column":151}},"type":"binary-expr","locations":[{"start":{"line":70,"column":15},"end":{"line":70,"column":41}},{"start":{"line":70,"column":45},"end":{"line":70,"column":151}}],"line":70},"10":{"loc":{"start":{"line":70,"column":77},"end":{"line":70,"column":144}},"type":"binary-expr","locations":[{"start":{"line":70,"column":77},"end":{"line":70,"column":103}},{"start":{"line":70,"column":107},"end":{"line":70,"column":144}}],"line":70},"11":{"loc":{"start":{"line":71,"column":15},"end":{"line":71,"column":208}},"type":"binary-expr","locations":[{"start":{"line":71,"column":15},"end":{"line":71,"column":48}},{"start":{"line":71,"column":52},"end":{"line":71,"column":208}}],"line":71},"12":{"loc":{"start":{"line":71,"column":97},"end":{"line":71,"column":201}},"type":"binary-expr","locations":[{"start":{"line":71,"column":97},"end":{"line":71,"column":130}},{"start":{"line":71,"column":134},"end":{"line":71,"column":201}}],"line":71},"13":{"loc":{"start":{"line":72,"column":15},"end":{"line":72,"column":119}},"type":"binary-expr","locations":[{"start":{"line":72,"column":15},"end":{"line":72,"column":44}},{"start":{"line":72,"column":48},"end":{"line":72,"column":119}}],"line":72},"14":{"loc":{"start":{"line":73,"column":15},"end":{"line":73,"column":105}},"type":"binary-expr","locations":[{"start":{"line":73,"column":15},"end":{"line":73,"column":38}},{"start":{"line":73,"column":42},"end":{"line":73,"column":105}}],"line":73},"15":{"loc":{"start":{"line":74,"column":15},"end":{"line":74,"column":161}},"type":"binary-expr","locations":[{"start":{"line":74,"column":15},"end":{"line":74,"column":40}},{"start":{"line":74,"column":44},"end":{"line":74,"column":161}}],"line":74},"16":{"loc":{"start":{"line":74,"column":89},"end":{"line":74,"column":154}},"type":"binary-expr","locations":[{"start":{"line":74,"column":89},"end":{"line":74,"column":114}},{"start":{"line":74,"column":118},"end":{"line":74,"column":154}}],"line":74},"17":{"loc":{"start":{"line":75,"column":15},"end":{"line":75,"column":161}},"type":"binary-expr","locations":[{"start":{"line":75,"column":15},"end":{"line":75,"column":43}},{"start":{"line":75,"column":47},"end":{"line":75,"column":161}}],"line":75},"18":{"loc":{"start":{"line":75,"column":83},"end":{"line":75,"column":154}},"type":"binary-expr","locations":[{"start":{"line":75,"column":83},"end":{"line":75,"column":111}},{"start":{"line":75,"column":115},"end":{"line":75,"column":154}}],"line":75},"19":{"loc":{"start":{"line":76,"column":15},"end":{"line":76,"column":190}},"type":"binary-expr","locations":[{"start":{"line":76,"column":15},"end":{"line":76,"column":50}},{"start":{"line":76,"column":54},"end":{"line":76,"column":190}}],"line":76},"20":{"loc":{"start":{"line":76,"column":98},"end":{"line":76,"column":183}},"type":"binary-expr","locations":[{"start":{"line":76,"column":98},"end":{"line":76,"column":133}},{"start":{"line":76,"column":137},"end":{"line":76,"column":183}}],"line":76},"21":{"loc":{"start":{"line":77,"column":15},"end":{"line":77,"column":120}},"type":"binary-expr","locations":[{"start":{"line":77,"column":15},"end":{"line":77,"column":44}},{"start":{"line":77,"column":48},"end":{"line":77,"column":120}}],"line":77},"22":{"loc":{"start":{"line":78,"column":15},"end":{"line":78,"column":120}},"type":"binary-expr","locations":[{"start":{"line":78,"column":15},"end":{"line":78,"column":44}},{"start":{"line":78,"column":48},"end":{"line":78,"column":120}}],"line":78},"23":{"loc":{"start":{"line":79,"column":15},"end":{"line":79,"column":113}},"type":"binary-expr","locations":[{"start":{"line":79,"column":15},"end":{"line":79,"column":38}},{"start":{"line":79,"column":42},"end":{"line":79,"column":113}}],"line":79},"24":{"loc":{"start":{"line":80,"column":15},"end":{"line":80,"column":125}},"type":"binary-expr","locations":[{"start":{"line":80,"column":15},"end":{"line":80,"column":46}},{"start":{"line":80,"column":50},"end":{"line":80,"column":125}}],"line":80},"25":{"loc":{"start":{"line":81,"column":15},"end":{"line":81,"column":177}},"type":"binary-expr","locations":[{"start":{"line":81,"column":15},"end":{"line":81,"column":47}},{"start":{"line":81,"column":51},"end":{"line":81,"column":177}}],"line":81},"26":{"loc":{"start":{"line":81,"column":91},"end":{"line":81,"column":170}},"type":"binary-expr","locations":[{"start":{"line":81,"column":91},"end":{"line":81,"column":123}},{"start":{"line":81,"column":127},"end":{"line":81,"column":170}}],"line":81},"27":{"loc":{"start":{"line":82,"column":15},"end":{"line":82,"column":101}},"type":"binary-expr","locations":[{"start":{"line":82,"column":15},"end":{"line":82,"column":38}},{"start":{"line":82,"column":42},"end":{"line":82,"column":101}}],"line":82}},"s":{"0":9,"1":9,"2":9,"3":0,"4":0,"5":0,"6":0},"f":{"0":0,"1":0,"2":0},"b":{"0":[0,0],"1":[0,0],"2":[0,0],"3":[0,0],"4":[0,0],"5":[0,0],"6":[0,0],"7":[0,0],"8":[0,0],"9":[0,0],"10":[0,0],"11":[0,0],"12":[0,0],"13":[0,0],"14":[0,0],"15":[0,0],"16":[0,0],"17":[0,0],"18":[0,0],"19":[0,0],"20":[0,0],"21":[0,0],"22":[0,0],"23":[0,0],"24":[0,0],"25":[0,0],"26":[0,0],"27":[0,0]},"_coverageSchema":"332fd63041d2c1bcb487cc26dd0d5f7d97098a6c","hash":"04cf822a2408b9e12716ab0edda7755f712c2d87"}
,"/Users/peterzernia/projects/wanderlist/src/components/EditProfileForm.js": {"path":"/Users/peterzernia/projects/wanderlist/src/components/EditProfileForm.js","statementMap":{"0":{"start":{"line":13,"column":4},"end":{"line":13,"column":17}},"1":{"start":{"line":14,"column":4},"end":{"line":16,"column":5}},"2":{"start":{"line":20,"column":4},"end":{"line":20,"column":63}},"3":{"start":{"line":30,"column":22},"end":{"line":32,"column":6}},"4":{"start":{"line":30,"column":52},"end":{"line":30,"column":67}},"5":{"start":{"line":31,"column":6},"end":{"line":31,"column":77}},"6":{"start":{"line":34,"column":4},"end":{"line":48,"column":5}},"7":{"start":{"line":46,"column":31},"end":{"line":46,"column":65}}},"fnMap":{"0":{"name":"(anonymous_0)","decl":{"start":{"line":12,"column":2},"end":{"line":12,"column":3}},"loc":{"start":{"line":12,"column":21},"end":{"line":17,"column":3}},"line":12},"1":{"name":"(anonymous_1)","decl":{"start":{"line":19,"column":17},"end":{"line":19,"column":18}},"loc":{"start":{"line":19,"column":26},"end":{"line":21,"column":3}},"line":19},"2":{"name":"(anonymous_2)","decl":{"start":{"line":23,"column":2},"end":{"line":23,"column":3}},"loc":{"start":{"line":23,"column":11},"end":{"line":49,"column":3}},"line":23},"3":{"name":"(anonymous_3)","decl":{"start":{"line":30,"column":42},"end":{"line":30,"column":43}},"loc":{"start":{"line":30,"column":52},"end":{"line":30,"column":67}},"line":30},"4":{"name":"(anonymous_4)","decl":{"start":{"line":30,"column":73},"end":{"line":30,"column":74}},"loc":{"start":{"line":31,"column":6},"end":{"line":31,"column":77}},"line":31},"5":{"name":"(anonymous_5)","decl":{"start":{"line":46,"column":25},"end":{"line":46,"column":26}},"loc":{"start":{"line":46,"column":31},"end":{"line":46,"column":65}},"line":46}},"branchMap":{},"s":{"0":3,"1":3,"2":0,"3":3,"4":11733,"5":750,"6":3,"7":1},"f":{"0":3,"1":0,"2":3,"3":11733,"4":750,"5":1},"b":{},"_coverageSchema":"332fd63041d2c1bcb487cc26dd0d5f7d97098a6c","hash":"02c3df71de961a07a14f59f6abe1dafcd94b7bf9"}
,"/Users/peterzernia/projects/wanderlist/src/components/EditProfileModal.js": {"path":"/Users/peterzernia/projects/wanderlist/src/components/EditProfileModal.js","statementMap":{"0":{"start":{"line":6,"column":25},"end":{"line":12,"column":1}},"1":{"start":{"line":7,"column":2},"end":{"line":11,"column":11}}},"fnMap":{"0":{"name":"(anonymous_0)","decl":{"start":{"line":6,"column":25},"end":{"line":6,"column":26}},"loc":{"start":{"line":7,"column":2},"end":{"line":11,"column":11}},"line":7}},"branchMap":{},"s":{"0":4,"1":1},"f":{"0":1},"b":{},"_coverageSchema":"332fd63041d2c1bcb487cc26dd0d5f7d97098a6c","hash":"f0d89e4253300f0d362be899f4615d029abfbab5"}
,"/Users/peterzernia/projects/wanderlist/src/components/Error.js": {"path":"/Users/peterzernia/projects/wanderlist/src/components/Error.js","statementMap":{"0":{"start":{"line":5,"column":15},"end":{"line":31,"column":1}},"1":{"start":{"line":11,"column":21},"end":{"line":11,"column":25}},"2":{"start":{"line":12,"column":2},"end":{"line":20,"column":3}},"3":{"start":{"line":13,"column":4},"end":{"line":17,"column":7}},"4":{"start":{"line":14,"column":6},"end":{"line":16,"column":10}},"5":{"start":{"line":19,"column":4},"end":{"line":19,"column":39}},"6":{"start":{"line":22,"column":2},"end":{"line":30,"column":3}}},"fnMap":{"0":{"name":"(anonymous_0)","decl":{"start":{"line":5,"column":15},"end":{"line":5,"column":16}},"loc":{"start":{"line":5,"column":26},"end":{"line":31,"column":1}},"line":5},"1":{"name":"(anonymous_1)","decl":{"start":{"line":13,"column":62},"end":{"line":13,"column":63}},"loc":{"start":{"line":14,"column":6},"end":{"line":16,"column":10}},"line":14}},"branchMap":{"0":{"loc":{"start":{"line":12,"column":2},"end":{"line":20,"column":3}},"type":"if","locations":[{"start":{"line":12,"column":2},"end":{"line":20,"column":3}},{"start":{"line":12,"column":2},"end":{"line":20,"column":3}}],"line":12}},"s":{"0":3,"1":2,"2":2,"3":1,"4":1,"5":1,"6":2},"f":{"0":2,"1":1},"b":{"0":[1,1]},"_coverageSchema":"332fd63041d2c1bcb487cc26dd0d5f7d97098a6c","hash":"e4324bf0fdc7b586382d6243da3ab8d609aad927"}
,"/Users/peterzernia/projects/wanderlist/src/components/Filter.js": {"path":"/Users/peterzernia/projects/wanderlist/src/components/Filter.js","statementMap":{"0":{"start":{"line":16,"column":4},"end":{"line":16,"column":53}},"1":{"start":{"line":20,"column":4},"end":{"line":20,"column":38}},"2":{"start":{"line":25,"column":25},"end":{"line":25,"column":35}},"3":{"start":{"line":27,"column":4},"end":{"line":59,"column":5}},"4":{"start":{"line":48,"column":36},"end":{"line":48,"column":55}},"5":{"start":{"line":48,"column":56},"end":{"line":48,"column":82}},"6":{"start":{"line":55,"column":37},"end":{"line":55,"column":56}},"7":{"start":{"line":55,"column":57},"end":{"line":55,"column":84}},"8":{"start":{"line":56,"column":36},"end":{"line":56,"column":55}},"9":{"start":{"line":56,"column":56},"end":{"line":56,"column":87}}},"fnMap":{"0":{"name":"(anonymous_0)","decl":{"start":{"line":15,"column":16},"end":{"line":15,"column":17}},"loc":{"start":{"line":15,"column":25},"end":{"line":17,"column":3}},"line":15},"1":{"name":"(anonymous_1)","decl":{"start":{"line":19,"column":16},"end":{"line":19,"column":17}},"loc":{"start":{"line":19,"column":22},"end":{"line":21,"column":3}},"line":19},"2":{"name":"(anonymous_2)","decl":{"start":{"line":23,"column":2},"end":{"line":23,"column":3}},"loc":{"start":{"line":23,"column":11},"end":{"line":60,"column":3}},"line":23},"3":{"name":"(anonymous_3)","decl":{"start":{"line":48,"column":28},"end":{"line":48,"column":29}},"loc":{"start":{"line":48,"column":35},"end":{"line":48,"column":83}},"line":48},"4":{"name":"(anonymous_4)","decl":{"start":{"line":55,"column":29},"end":{"line":55,"column":30}},"loc":{"start":{"line":55,"column":36},"end":{"line":55,"column":85}},"line":55},"5":{"name":"(anonymous_5)","decl":{"start":{"line":56,"column":29},"end":{"line":56,"column":30}},"loc":{"start":{"line":56,"column":35},"end":{"line":56,"column":88}},"line":56}},"branchMap":{"0":{"loc":{"start":{"line":31,"column":21},"end":{"line":31,"column":57}},"type":"cond-expr","locations":[{"start":{"line":31,"column":32},"end":{"line":31,"column":45}},{"start":{"line":31,"column":48},"end":{"line":31,"column":57}}],"line":31}},"s":{"0":4,"1":3,"2":11,"3":11,"4":1,"5":1,"6":1,"7":1,"8":1,"9":1},"f":{"0":4,"1":3,"2":11,"3":1,"4":1,"5":1},"b":{"0":[4,7]},"_coverageSchema":"332fd63041d2c1bcb487cc26dd0d5f7d97098a6c","hash":"b0241c4f81ff3dfa87637cd798f0bac83fc89f70"}
[...]
,"/Users/peterzernia/projects/wanderlist/src/store/country.js": {"path":"/Users/peterzernia/projects/wanderlist/src/store/country.js","statementMap":{"0":{"start":{"line":1,"column":21},"end":{"line":5,"column":1}},"1":{"start":{"line":9,"column":2},"end":{"line":34,"column":3}},"2":{"start":{"line":11,"column":6},"end":{"line":15,"column":7}},"3":{"start":{"line":18,"column":6},"end":{"line":23,"column":7}},"4":{"start":{"line":26,"column":6},"end":{"line":30,"column":7}},"5":{"start":{"line":33,"column":6},"end":{"line":33,"column":18}}},"fnMap":{"0":{"name":"(anonymous_0)","decl":{"start":{"line":8,"column":15},"end":{"line":8,"column":16}},"loc":{"start":{"line":8,"column":55},"end":{"line":35,"column":1}},"line":8}},"branchMap":{"0":{"loc":{"start":{"line":8,"column":25},"end":{"line":8,"column":45}},"type":"default-arg","locations":[{"start":{"line":8,"column":33},"end":{"line":8,"column":45}}],"line":8},"1":{"loc":{"start":{"line":9,"column":2},"end":{"line":34,"column":3}},"type":"switch","locations":[{"start":{"line":10,"column":4},"end":{"line":16,"column":5}},{"start":{"line":17,"column":4},"end":{"line":24,"column":5}},{"start":{"line":25,"column":4},"end":{"line":31,"column":5}},{"start":{"line":32,"column":4},"end":{"line":33,"column":18}}],"line":9}},"s":{"0":2,"1":11,"2":1,"3":1,"4":1,"5":8},"f":{"0":11},"b":{"0":[7],"1":[1,1,1,8]},"_coverageSchema":"332fd63041d2c1bcb487cc26dd0d5f7d97098a6c","hash":"6966b6d04502050790045b51efea8b8cd73a62d7"}
,"/Users/peterzernia/projects/wanderlist/src/store/error.js": {"path":"/Users/peterzernia/projects/wanderlist/src/store/error.js","statementMap":{"0":{"start":{"line":1,"column":21},"end":{"line":4,"column":1}},"1":{"start":{"line":7,"column":2},"end":{"line":29,"column":3}},"2":{"start":{"line":9,"column":6},"end":{"line":12,"column":7}},"3":{"start":{"line":15,"column":6},"end":{"line":19,"column":7}},"4":{"start":{"line":22,"column":6},"end":{"line":25,"column":7}},"5":{"start":{"line":28,"column":6},"end":{"line":28,"column":19}}},"fnMap":{"0":{"name":"(anonymous_0)","decl":{"start":{"line":6,"column":15},"end":{"line":6,"column":16}},"loc":{"start":{"line":6,"column":55},"end":{"line":30,"column":1}},"line":6}},"branchMap":{"0":{"loc":{"start":{"line":6,"column":25},"end":{"line":6,"column":45}},"type":"default-arg","locations":[{"start":{"line":6,"column":33},"end":{"line":6,"column":45}}],"line":6},"1":{"loc":{"start":{"line":7,"column":2},"end":{"line":29,"column":3}},"type":"switch","locations":[{"start":{"line":8,"column":4},"end":{"line":13,"column":5}},{"start":{"line":14,"column":4},"end":{"line":20,"column":5}},{"start":{"line":21,"column":4},"end":{"line":26,"column":5}},{"start":{"line":27,"column":4},"end":{"line":28,"column":19}}],"line":7}},"s":{"0":2,"1":11,"2":1,"3":2,"4":1,"5":7},"f":{"0":11},"b":{"0":[7],"1":[1,2,1,7]},"_coverageSchema":"332fd63041d2c1bcb487cc26dd0d5f7d97098a6c","hash":"824212fae08927ee43af93808ed8c8e1f318b8c6"}
,"/Users/peterzernia/projects/wanderlist/src/store/index.js": {"path":"/Users/peterzernia/projects/wanderlist/src/store/index.js","statementMap":{"0":{"start":{"line":11,"column":16},"end":{"line":11,"column":80}},"1":{"start":{"line":13,"column":25},"end":{"line":13,"column":79}},"2":{"start":{"line":15,"column":17},"end":{"line":15,"column":39}},"3":{"start":{"line":18,"column":0},"end":{"line":20,"column":1}},"4":{"start":{"line":19,"column":2},"end":{"line":19,"column":53}},"5":{"start":{"line":22,"column":17},"end":{"line":22,"column":45}},"6":{"start":{"line":24,"column":14},"end":{"line":24,"column":44}}},"fnMap":{},"branchMap":{"0":{"loc":{"start":{"line":13,"column":25},"end":{"line":13,"column":79}},"type":"binary-expr","locations":[{"start":{"line":13,"column":25},"end":{"line":13,"column":68}},{"start":{"line":13,"column":72},"end":{"line":13,"column":79}}],"line":13},"1":{"loc":{"start":{"line":18,"column":0},"end":{"line":20,"column":1}},"type":"if","locations":[{"start":{"line":18,"column":0},"end":{"line":20,"column":1}},{"start":{"line":18,"column":0},"end":{"line":20,"column":1}}],"line":18}},"s":{"0":1,"1":1,"2":1,"3":1,"4":0,"5":1,"6":1},"f":{},"b":{"0":[1,1],"1":[0,1]},"_coverageSchema":"332fd63041d2c1bcb487cc26dd0d5f7d97098a6c","hash":"bd6f2350a5d72f882ac10dc487f394d2303d3db9"}
,"/Users/peterzernia/projects/wanderlist/src/store/modal.js": {"path":"/Users/peterzernia/projects/wanderlist/src/store/modal.js","statementMap":{"0":{"start":{"line":1,"column":21},"end":{"line":16,"column":1}},"1":{"start":{"line":20,"column":2},"end":{"line":149,"column":3}},"2":{"start":{"line":23,"column":6},"end":{"line":27,"column":7}},"3":{"start":{"line":30,"column":6},"end":{"line":33,"column":7}},"4":{"start":{"line":37,"column":6},"end":{"line":41,"column":7}},"5":{"start":{"line":44,"column":6},"end":{"line":47,"column":7}},"6":{"start":{"line":51,"column":6},"end":{"line":54,"column":7}},"7":{"start":{"line":57,"column":6},"end":{"line":62,"column":7}},"8":{"start":{"line":65,"column":6},"end":{"line":69,"column":7}},"9":{"start":{"line":73,"column":6},"end":{"line":77,"column":7}},"10":{"start":{"line":80,"column":6},"end":{"line":83,"column":7}},"11":{"start":{"line":87,"column":6},"end":{"line":91,"column":7}},"12":{"start":{"line":94,"column":6},"end":{"line":97,"column":7}},"13":{"start":{"line":101,"column":6},"end":{"line":104,"column":7}},"14":{"start":{"line":107,"column":6},"end":{"line":110,"column":7}},"15":{"start":{"line":114,"column":6},"end":{"line":118,"column":7}},"16":{"start":{"line":121,"column":6},"end":{"line":124,"column":7}},"17":{"start":{"line":128,"column":6},"end":{"line":131,"column":7}},"18":{"start":{"line":135,"column":6},"end":{"line":139,"column":7}},"19":{"start":{"line":142,"column":6},"end":{"line":145,"column":7}},"20":{"start":{"line":148,"column":6},"end":{"line":148,"column":18}}},"fnMap":{"0":{"name":"(anonymous_0)","decl":{"start":{"line":19,"column":15},"end":{"line":19,"column":16}},"loc":{"start":{"line":19,"column":55},"end":{"line":150,"column":1}},"line":19}},"branchMap":{"0":{"loc":{"start":{"line":19,"column":25},"end":{"line":19,"column":45}},"type":"default-arg","locations":[{"start":{"line":19,"column":33},"end":{"line":19,"column":45}}],"line":19},"1":{"loc":{"start":{"line":20,"column":2},"end":{"line":149,"column":3}},"type":"switch","locations":[{"start":{"line":22,"column":4},"end":{"line":28,"column":5}},{"start":{"line":29,"column":4},"end":{"line":34,"column":5}},{"start":{"line":36,"column":4},"end":{"line":42,"column":5}},{"start":{"line":43,"column":4},"end":{"line":48,"column":5}},{"start":{"line":50,"column":4},"end":{"line":55,"column":5}},{"start":{"line":56,"column":4},"end":{"line":63,"column":5}},{"start":{"line":64,"column":4},"end":{"line":70,"column":5}},{"start":{"line":72,"column":4},"end":{"line":78,"column":5}},{"start":{"line":79,"column":4},"end":{"line":84,"column":5}},{"start":{"line":86,"column":4},"end":{"line":92,"column":5}},{"start":{"line":93,"column":4},"end":{"line":98,"column":5}},{"start":{"line":100,"column":4},"end":{"line":105,"column":5}},{"start":{"line":106,"column":4},"end":{"line":111,"column":5}},{"start":{"line":113,"column":4},"end":{"line":119,"column":5}},{"start":{"line":120,"column":4},"end":{"line":125,"column":5}},{"start":{"line":127,"column":4},"end":{"line":132,"column":5}},{"start":{"line":134,"column":4},"end":{"line":140,"column":5}},{"start":{"line":141,"column":4},"end":{"line":146,"column":5}},{"start":{"line":147,"column":4},"end":{"line":148,"column":18}}],"line":20}},"s":{"0":2,"1":26,"2":1,"3":1,"4":1,"5":1,"6":1,"7":1,"8":1,"9":1,"10":1,"11":1,"12":1,"13":1,"14":1,"15":1,"16":1,"17":1,"18":1,"19":1,"20":8},"f":{"0":26},"b":{"0":[22],"1":[1,1,1,1,1,1,1,1,1,1,1,1,1,1,1,1,1,1,8]},"_coverageSchema":"332fd63041d2c1bcb487cc26dd0d5f7d97098a6c","hash":"40ad933134a626eddc324d52338b9c098204179d"}
,"/Users/peterzernia/projects/wanderlist/src/store/tripReport.js": {"path":"/Users/peterzernia/projects/wanderlist/src/store/tripReport.js","statementMap":{"0":{"start":{"line":1,"column":21},"end":{"line":20,"column":1}},"1":{"start":{"line":23,"column":2},"end":{"line":312,"column":3}},"2":{"start":{"line":26,"column":6},"end":{"line":29,"column":7}},"3":{"start":{"line":32,"column":6},"end":{"line":37,"column":7}},"4":{"start":{"line":40,"column":6},"end":{"line":44,"column":7}},"5":{"start":{"line":52,"column":6},"end":{"line":56,"column":7}},"6":{"start":{"line":59,"column":6},"end":{"line":69,"column":7}},"7":{"start":{"line":72,"column":6},"end":{"line":76,"column":7}},"8":{"start":{"line":80,"column":6},"end":{"line":84,"column":7}},"9":{"start":{"line":87,"column":6},"end":{"line":92,"column":7}},"10":{"start":{"line":95,"column":6},"end":{"line":99,"column":7}},"11":{"start":{"line":107,"column":6},"end":{"line":111,"column":7}},"12":{"start":{"line":114,"column":6},"end":{"line":124,"column":7}},"13":{"start":{"line":127,"column":6},"end":{"line":131,"column":7}},"14":{"start":{"line":135,"column":6},"end":{"line":138,"column":7}},"15":{"start":{"line":141,"column":6},"end":{"line":161,"column":7}},"16":{"start":{"line":149,"column":93},"end":{"line":149,"column":104}},"17":{"start":{"line":155,"column":89},"end":{"line":155,"column":100}},"18":{"start":{"line":164,"column":6},"end":{"line":167,"column":9}},"19":{"start":{"line":171,"column":6},"end":{"line":189,"column":7}},"20":{"start":{"line":178,"column":75},"end":{"line":178,"column":111}},"21":{"start":{"line":184,"column":71},"end":{"line":184,"column":107}},"22":{"start":{"line":192,"column":6},"end":{"line":195,"column":7}},"23":{"start":{"line":198,"column":6},"end":{"line":218,"column":7}},"24":{"start":{"line":206,"column":75},"end":{"line":206,"column":111}},"25":{"start":{"line":206,"column":152},"end":{"line":206,"column":163}},"26":{"start":{"line":212,"column":71},"end":{"line":212,"column":107}},"27":{"start":{"line":212,"column":148},"end":{"line":212,"column":159}},"28":{"start":{"line":221,"column":6},"end":{"line":224,"column":7}},"29":{"start":{"line":227,"column":6},"end":{"line":231,"column":7}},"30":{"start":{"line":234,"column":6},"end":{"line":239,"column":7}},"31":{"start":{"line":242,"column":6},"end":{"line":246,"column":7}},"32":{"start":{"line":249,"column":6},"end":{"line":253,"column":7}},"33":{"start":{"line":256,"column":6},"end":{"line":261,"column":7}},"34":{"start":{"line":264,"column":6},"end":{"line":268,"column":7}},"35":{"start":{"line":271,"column":6},"end":{"line":289,"column":7}},"36":{"start":{"line":282,"column":69},"end":{"line":282,"column":182}},"37":{"start":{"line":287,"column":71},"end":{"line":287,"column":183}},"38":{"start":{"line":288,"column":77},"end":{"line":288,"column":189}},"39":{"start":{"line":292,"column":6},"end":{"line":301,"column":7}},"40":{"start":{"line":296,"column":69},"end":{"line":296,"column":166}},"41":{"start":{"line":305,"column":6},"end":{"line":308,"column":7}},"42":{"start":{"line":311,"column":6},"end":{"line":311,"column":18}}},"fnMap":{"0":{"name":"(anonymous_0)","decl":{"start":{"line":22,"column":15},"end":{"line":22,"column":16}},"loc":{"start":{"line":22,"column":55},"end":{"line":313,"column":1}},"line":22},"1":{"name":"(anonymous_1)","decl":{"start":{"line":149,"column":83},"end":{"line":149,"column":84}},"loc":{"start":{"line":149,"column":93},"end":{"line":149,"column":104}},"line":149},"2":{"name":"(anonymous_2)","decl":{"start":{"line":155,"column":79},"end":{"line":155,"column":80}},"loc":{"start":{"line":155,"column":89},"end":{"line":155,"column":100}},"line":155},"3":{"name":"(anonymous_3)","decl":{"start":{"line":178,"column":61},"end":{"line":178,"column":62}},"loc":{"start":{"line":178,"column":75},"end":{"line":178,"column":111}},"line":178},"4":{"name":"(anonymous_4)","decl":{"start":{"line":184,"column":57},"end":{"line":184,"column":58}},"loc":{"start":{"line":184,"column":71},"end":{"line":184,"column":107}},"line":184},"5":{"name":"(anonymous_5)","decl":{"start":{"line":206,"column":61},"end":{"line":206,"column":62}},"loc":{"start":{"line":206,"column":75},"end":{"line":206,"column":111}},"line":206},"6":{"name":"(anonymous_6)","decl":{"start":{"line":206,"column":142},"end":{"line":206,"column":143}},"loc":{"start":{"line":206,"column":152},"end":{"line":206,"column":163}},"line":206},"7":{"name":"(anonymous_7)","decl":{"start":{"line":212,"column":57},"end":{"line":212,"column":58}},"loc":{"start":{"line":212,"column":71},"end":{"line":212,"column":107}},"line":212},"8":{"name":"(anonymous_8)","decl":{"start":{"line":212,"column":138},"end":{"line":212,"column":139}},"loc":{"start":{"line":212,"column":148},"end":{"line":212,"column":159}},"line":212},"9":{"name":"(anonymous_9)","decl":{"start":{"line":282,"column":55},"end":{"line":282,"column":56}},"loc":{"start":{"line":282,"column":69},"end":{"line":282,"column":182}},"line":282},"10":{"name":"(anonymous_10)","decl":{"start":{"line":287,"column":57},"end":{"line":287,"column":58}},"loc":{"start":{"line":287,"column":71},"end":{"line":287,"column":183}},"line":287},"11":{"name":"(anonymous_11)","decl":{"start":{"line":288,"column":63},"end":{"line":288,"column":64}},"loc":{"start":{"line":288,"column":77},"end":{"line":288,"column":189}},"line":288},"12":{"name":"(anonymous_12)","decl":{"start":{"line":296,"column":55},"end":{"line":296,"column":56}},"loc":{"start":{"line":296,"column":69},"end":{"line":296,"column":166}},"line":296}},"branchMap":{"0":{"loc":{"start":{"line":22,"column":25},"end":{"line":22,"column":45}},"type":"default-arg","locations":[{"start":{"line":22,"column":33},"end":{"line":22,"column":45}}],"line":22},"1":{"loc":{"start":{"line":23,"column":2},"end":{"line":312,"column":3}},"type":"switch","locations":[{"start":{"line":25,"column":4},"end":{"line":30,"column":5}},{"start":{"line":31,"column":4},"end":{"line":38,"column":5}},{"start":{"line":39,"column":4},"end":{"line":45,"column":5}},{"start":{"line":51,"column":4},"end":{"line":57,"column":5}},{"start":{"line":58,"column":4},"end":{"line":70,"column":5}},{"start":{"line":71,"column":4},"end":{"line":77,"column":5}},{"start":{"line":79,"column":4},"end":{"line":85,"column":5}},{"start":{"line":86,"column":4},"end":{"line":93,"column":5}},{"start":{"line":94,"column":4},"end":{"line":100,"column":5}},{"start":{"line":106,"column":4},"end":{"line":112,"column":5}},{"start":{"line":113,"column":4},"end":{"line":125,"column":5}},{"start":{"line":126,"column":4},"end":{"line":132,"column":5}},{"start":{"line":134,"column":4},"end":{"line":139,"column":5}},{"start":{"line":140,"column":4},"end":{"line":162,"column":5}},{"start":{"line":163,"column":4},"end":{"line":168,"column":5}},{"start":{"line":170,"column":4},"end":{"line":190,"column":5}},{"start":{"line":191,"column":4},"end":{"line":196,"column":5}},{"start":{"line":197,"column":4},"end":{"line":219,"column":5}},{"start":{"line":220,"column":4},"end":{"line":225,"column":5}},{"start":{"line":226,"column":4},"end":{"line":232,"column":5}},{"start":{"line":233,"column":4},"end":{"line":240,"column":5}},{"start":{"line":241,"column":4},"end":{"line":247,"column":5}},{"start":{"line":248,"column":4},"end":{"line":254,"column":5}},{"start":{"line":255,"column":4},"end":{"line":262,"column":5}},{"start":{"line":263,"column":4},"end":{"line":269,"column":5}},{"start":{"line":270,"column":4},"end":{"line":290,"column":5}},{"start":{"line":291,"column":4},"end":{"line":302,"column":5}},{"start":{"line":304,"column":4},"end":{"line":309,"column":5}},{"start":{"line":310,"column":4},"end":{"line":311,"column":18}}],"line":23},"2":{"loc":{"start":{"line":282,"column":69},"end":{"line":282,"column":182}},"type":"cond-expr","locations":[{"start":{"line":282,"column":108},"end":{"line":282,"column":164}},{"start":{"line":282,"column":167},"end":{"line":282,"column":182}}],"line":282},"3":{"loc":{"start":{"line":287,"column":71},"end":{"line":287,"column":183}},"type":"cond-expr","locations":[{"start":{"line":287,"column":110},"end":{"line":287,"column":165}},{"start":{"line":287,"column":168},"end":{"line":287,"column":183}}],"line":287},"4":{"loc":{"start":{"line":288,"column":77},"end":{"line":288,"column":189}},"type":"cond-expr","locations":[{"start":{"line":288,"column":116},"end":{"line":288,"column":171}},{"start":{"line":288,"column":174},"end":{"line":288,"column":189}}],"line":288},"5":{"loc":{"start":{"line":296,"column":69},"end":{"line":296,"column":166}},"type":"cond-expr","locations":[{"start":{"line":296,"column":111},"end":{"line":296,"column":148}},{"start":{"line":296,"column":151},"end":{"line":296,"column":166}}],"line":296}},"s":{"0":2,"1":40,"2":2,"3":1,"4":1,"5":1,"6":2,"7":1,"8":1,"9":1,"10":1,"11":1,"12":2,"13":1,"14":1,"15":2,"16":1,"17":1,"18":1,"19":1,"20":1,"21":1,"22":1,"23":1,"24":2,"25":1,"26":2,"27":1,"28":1,"29":1,"30":1,"31":1,"32":2,"33":1,"34":1,"35":2,"36":2,"37":2,"38":2,"39":1,"40":2,"41":2,"42":5},"f":{"0":40,"1":1,"2":1,"3":1,"4":1,"5":2,"6":1,"7":2,"8":1,"9":2,"10":2,"11":2,"12":2},"b":{"0":[28],"1":[2,1,1,1,2,1,1,1,1,1,2,1,1,2,1,1,1,1,1,1,1,1,2,1,1,2,1,2,5],"2":[1,1],"3":[1,1],"4":[1,1],"5":[1,1]},"_coverageSchema":"332fd63041d2c1bcb487cc26dd0d5f7d97098a6c","hash":"ef66241b6177cdfcfd764a157438ecda3544639d"}
,"/Users/peterzernia/projects/wanderlist/src/store/user.js": {"path":"/Users/peterzernia/projects/wanderlist/src/store/user.js","statementMap":{"0":{"start":{"line":1,"column":21},"end":{"line":8,"column":1}},"1":{"start":{"line":12,"column":2},"end":{"line":75,"column":3}},"2":{"start":{"line":14,"column":6},"end":{"line":17,"column":7}},"3":{"start":{"line":20,"column":6},"end":{"line":25,"column":7}},"4":{"start":{"line":28,"column":6},"end":{"line":32,"column":7}},"5":{"start":{"line":36,"column":6},"end":{"line":39,"column":7}},"6":{"start":{"line":42,"column":6},"end":{"line":45,"column":7}},"7":{"start":{"line":52,"column":6},"end":{"line":57,"column":7}},"8":{"start":{"line":60,"column":6},"end":{"line":64,"column":7}},"9":{"start":{"line":68,"column":6},"end":{"line":71,"column":7}},"10":{"start":{"line":74,"column":6},"end":{"line":74,"column":18}}},"fnMap":{"0":{"name":"(anonymous_0)","decl":{"start":{"line":11,"column":15},"end":{"line":11,"column":16}},"loc":{"start":{"line":11,"column":55},"end":{"line":76,"column":1}},"line":11}},"branchMap":{"0":{"loc":{"start":{"line":11,"column":25},"end":{"line":11,"column":45}},"type":"default-arg","locations":[{"start":{"line":11,"column":33},"end":{"line":11,"column":45}}],"line":11},"1":{"loc":{"start":{"line":12,"column":2},"end":{"line":75,"column":3}},"type":"switch","locations":[{"start":{"line":13,"column":4},"end":{"line":18,"column":5}},{"start":{"line":19,"column":4},"end":{"line":26,"column":5}},{"start":{"line":27,"column":4},"end":{"line":33,"column":5}},{"start":{"line":35,"column":4},"end":{"line":40,"column":5}},{"start":{"line":41,"column":4},"end":{"line":46,"column":5}},{"start":{"line":51,"column":4},"end":{"line":58,"column":5}},{"start":{"line":59,"column":4},"end":{"line":65,"column":5}},{"start":{"line":67,"column":4},"end":{"line":72,"column":5}},{"start":{"line":73,"column":4},"end":{"line":74,"column":18}}],"line":12}},"s":{"0":2,"1":16,"2":1,"3":1,"4":1,"5":1,"6":1,"7":1,"8":1,"9":2,"10":7},"f":{"0":16},"b":{"0":[12],"1":[1,1,1,1,1,1,1,2,7]},"_coverageSchema":"332fd63041d2c1bcb487cc26dd0d5f7d97098a6c","hash":"a8cb72067bc652b7eae6d321816b7ae41a350a53"}
}
