TN:
SF:/Users/peterzernia/projects/wanderlist/src/App.js
FN:17,(anonymous_0)
FN:23,(anonymous_1)
FN:58,(anonymous_2)
FN:63,(anonymous_3)
FNF:4
FNH:4
FNDA:1,(anonymous_0)
FNDA:1,(anonymous_1)
FNDA:2,(anonymous_2)
FNDA:1,(anonymous_3)
DA:18,1
DA:19,1
DA:20,1
DA:26,1
DA:47,1
DA:58,1
DA:59,2
DA:63,1
DA:64,1
DA:73,1
LF:10
LH:10
BRF:0
BRH:0
end_of_record
TN:
SF:/Users/peterzernia/projects/wanderlist/src/index.js
FNF:0
FNH:0
DA:1,0
DA:2,0
DA:3,0
DA:4,0
DA:5,0
DA:6,0
DA:7,0
DA:9,0
DA:14,0
LF:9
LH:0
BRF:0
BRH:0
end_of_record
TN:
SF:/Users/peterzernia/projects/wanderlist/src/serviceWorker.js
FN:23,register
FN:34,(anonymous_1)
FN:43,(anonymous_2)
FN:57,registerValidSW
FN:60,(anonymous_4)
FN:61,(anonymous_5)
FN:63,(anonymous_6)
FN:93,(anonymous_7)
FN:98,checkValidServiceWorker
FN:101,(anonymous_9)
FN:108,(anonymous_10)
FN:109,(anonymous_11)
FN:118,(anonymous_12)
FN:125,unregister
FN:127,(anonymous_14)
FNF:15
FNH:0
FNDA:0,register
FNDA:0,(anonymous_1)
FNDA:0,(anonymous_2)
FNDA:0,registerValidSW
FNDA:0,(anonymous_4)
FNDA:0,(anonymous_5)
FNDA:0,(anonymous_6)
FNDA:0,(anonymous_7)
FNDA:0,checkValidServiceWorker
FNDA:0,(anonymous_9)
FNDA:0,(anonymous_10)
FNDA:0,(anonymous_11)
FNDA:0,(anonymous_12)
FNDA:0,unregister
FNDA:0,(anonymous_14)
DA:13,0
DA:24,0
DA:26,0
DA:27,0
DA:31,0
DA:34,0
DA:35,0
DA:37,0
DA:39,0
DA:43,0
DA:44,0
DA:51,0
DA:58,0
DA:61,0
DA:62,0
DA:63,0
DA:64,0
DA:65,0
DA:69,0
DA:75,0
DA:76,0
DA:82,0
DA:85,0
DA:86,0
DA:94,0
DA:100,0
DA:103,0
DA:108,0
DA:109,0
DA:110,0
DA:115,0
DA:119,0
DA:126,0
DA:127,0
DA:128,0
LF:35
LH:0
BRDA:14,0,0,0
BRDA:14,0,1,0
BRDA:14,0,2,0
BRDA:24,1,0,0
BRDA:24,1,1,0
BRDA:24,2,0,0
BRDA:24,2,1,0
BRDA:27,3,0,0
BRDA:27,3,1,0
BRDA:37,4,0,0
BRDA:37,4,1,0
BRDA:64,5,0,0
BRDA:64,5,1,0
BRDA:65,6,0,0
BRDA:65,6,1,0
BRDA:75,7,0,0
BRDA:75,7,1,0
BRDA:75,8,0,0
BRDA:75,8,1,0
BRDA:85,9,0,0
BRDA:85,9,1,0
BRDA:85,10,0,0
BRDA:85,10,1,0
BRDA:103,11,0,0
BRDA:103,11,1,0
BRDA:104,12,0,0
BRDA:104,12,1,0
BRDA:126,13,0,0
BRDA:126,13,1,0
BRF:29
BRH:0
end_of_record
TN:
SF:/Users/peterzernia/projects/wanderlist/src/setupTests.js
FNF:0
FNH:0
DA:4,46
LF:1
LH:1
BRF:0
BRH:0
end_of_record
TN:
SF:/Users/peterzernia/projects/wanderlist/src/testVariables.js
FNF:0
FNH:0
DA:1,14
DA:61,14
DA:191,14
LF:3
LH:3
BRF:0
BRH:0
end_of_record
TN:
SF:/Users/peterzernia/projects/wanderlist/src/actions/authActions.js
FN:6,(anonymous_0)
FN:7,(anonymous_1)
FN:8,(anonymous_2)
FN:14,(anonymous_3)
FN:26,(anonymous_4)
FN:27,(anonymous_5)
FN:33,(anonymous_6)
FN:41,(anonymous_7)
FN:52,(anonymous_8)
FN:53,(anonymous_9)
FN:63,(anonymous_10)
FN:71,(anonymous_11)
FN:83,(anonymous_12)
FN:85,(anonymous_13)
FN:100,(anonymous_14)
FN:101,(anonymous_15)
FN:105,(anonymous_16)
FN:108,(anonymous_17)
FNF:18
FNH:6
FNDA:1,(anonymous_0)
FNDA:1,(anonymous_1)
FNDA:1,(anonymous_2)
FNDA:2,(anonymous_3)
FNDA:0,(anonymous_4)
FNDA:0,(anonymous_5)
FNDA:0,(anonymous_6)
FNDA:0,(anonymous_7)
FNDA:0,(anonymous_8)
FNDA:0,(anonymous_9)
FNDA:0,(anonymous_10)
FNDA:0,(anonymous_11)
FNDA:1,(anonymous_12)
FNDA:1,(anonymous_13)
FNDA:0,(anonymous_14)
FNDA:0,(anonymous_15)
FNDA:0,(anonymous_16)
FNDA:0,(anonymous_17)
DA:6,7
DA:7,7
DA:8,7
DA:14,7
DA:15,2
DA:16,2
DA:17,2
DA:26,7
DA:27,0
DA:28,0
DA:29,0
DA:34,0
DA:35,0
DA:36,0
DA:37,0
DA:38,0
DA:39,0
DA:42,0
DA:43,0
DA:52,7
DA:53,0
DA:54,0
DA:55,0
DA:56,0
DA:64,0
DA:65,0
DA:66,0
DA:67,0
DA:68,0
DA:69,0
DA:72,0
DA:73,0
DA:83,7
DA:84,1
DA:85,1
DA:86,1
DA:87,1
DA:89,0
DA:100,7
DA:101,0
DA:102,0
DA:106,0
DA:109,0
LF:43
LH:15
BRDA:86,0,0,1
BRDA:86,0,1,0
BRF:2
BRH:1
end_of_record
TN:
SF:/Users/peterzernia/projects/wanderlist/src/actions/countryActions.js
FN:4,(anonymous_0)
FN:5,(anonymous_1)
FN:6,(anonymous_2)
FN:10,(anonymous_3)
FN:11,(anonymous_4)
FN:14,(anonymous_5)
FN:18,(anonymous_6)
FNF:7
FNH:7
FNDA:5,(anonymous_0)
FNDA:2,(anonymous_1)
FNDA:2,(anonymous_2)
FNDA:2,(anonymous_3)
FNDA:2,(anonymous_4)
FNDA:1,(anonymous_5)
FNDA:1,(anonymous_6)
DA:4,5
DA:5,5
DA:6,5
DA:10,5
DA:11,2
DA:12,2
DA:13,2
DA:15,1
DA:16,1
DA:19,1
DA:20,1
LF:11
LH:11
BRF:0
BRH:0
end_of_record
TN:
SF:/Users/peterzernia/projects/wanderlist/src/actions/errorActions.js
FN:2,(anonymous_0)
FNF:1
FNH:1
FNDA:2,(anonymous_0)
DA:2,11
LF:1
LH:1
BRF:0
BRH:0
end_of_record
TN:
SF:/Users/peterzernia/projects/wanderlist/src/actions/favoriteActions.js
FN:4,(anonymous_0)
FN:5,(anonymous_1)
FN:7,(anonymous_2)
FN:8,(anonymous_3)
FN:11,(anonymous_4)
FN:14,(anonymous_5)
FNF:6
FNH:2
FNDA:1,(anonymous_0)
FNDA:1,(anonymous_1)
FNDA:0,(anonymous_2)
FNDA:0,(anonymous_3)
FNDA:0,(anonymous_4)
FNDA:0,(anonymous_5)
DA:4,8
DA:5,8
DA:7,8
DA:8,0
DA:9,0
DA:10,0
DA:12,0
DA:15,0
DA:16,0
LF:9
LH:3
BRF:0
BRH:0
end_of_record
TN:
SF:/Users/peterzernia/projects/wanderlist/src/actions/modalActions.js
FN:2,(anonymous_0)
FN:3,(anonymous_1)
FN:6,(anonymous_2)
FN:7,(anonymous_3)
FN:16,(anonymous_4)
FN:17,(anonymous_5)
FN:18,(anonymous_6)
FN:21,(anonymous_7)
FN:22,(anonymous_8)
FN:25,(anonymous_9)
FN:26,(anonymous_10)
FN:29,(anonymous_11)
FN:30,(anonymous_12)
FN:33,(anonymous_13)
FN:34,(anonymous_14)
FN:37,(anonymous_15)
FN:38,(anonymous_16)
FNF:17
FNH:17
FNDA:1,(anonymous_0)
FNDA:1,(anonymous_1)
FNDA:1,(anonymous_2)
FNDA:1,(anonymous_3)
FNDA:1,(anonymous_4)
FNDA:1,(anonymous_5)
FNDA:1,(anonymous_6)
FNDA:1,(anonymous_7)
FNDA:1,(anonymous_8)
FNDA:1,(anonymous_9)
FNDA:1,(anonymous_10)
FNDA:1,(anonymous_11)
FNDA:1,(anonymous_12)
FNDA:1,(anonymous_13)
FNDA:1,(anonymous_14)
FNDA:1,(anonymous_15)
FNDA:1,(anonymous_16)
DA:2,9
DA:3,9
DA:6,9
DA:7,9
DA:16,9
DA:17,9
DA:18,9
DA:21,9
DA:22,9
DA:25,9
DA:26,9
DA:29,9
DA:30,9
DA:33,9
DA:34,9
DA:37,9
DA:38,9
LF:17
LH:17
BRF:0
BRH:0
end_of_record
TN:
SF:/Users/peterzernia/projects/wanderlist/src/actions/tripReportActions.js
FN:6,(anonymous_0)
FN:7,(anonymous_1)
FN:8,(anonymous_2)
FN:11,(anonymous_3)
FN:12,(anonymous_4)
FN:13,(anonymous_5)
FN:16,(anonymous_6)
FN:17,(anonymous_7)
FN:18,(anonymous_8)
FN:21,(anonymous_9)
FN:22,(anonymous_10)
FN:23,(anonymous_11)
FN:26,(anonymous_12)
FN:27,(anonymous_13)
FN:28,(anonymous_14)
FN:31,(anonymous_15)
FN:32,(anonymous_16)
FN:33,(anonymous_17)
FN:36,(anonymous_18)
FN:37,(anonymous_19)
FN:38,(anonymous_20)
FN:41,(anonymous_21)
FN:42,(anonymous_22)
FN:43,(anonymous_23)
FN:46,(anonymous_24)
FN:47,(anonymous_25)
FN:48,(anonymous_26)
FN:54,(anonymous_27)
FN:55,(anonymous_28)
FN:58,(anonymous_29)
FN:62,(anonymous_30)
FN:74,(anonymous_31)
FN:75,(anonymous_32)
FN:78,(anonymous_33)
FN:82,(anonymous_34)
FN:93,(anonymous_35)
FN:94,(anonymous_36)
FN:97,(anonymous_37)
FN:101,(anonymous_38)
FN:113,(anonymous_39)
FN:114,(anonymous_40)
FN:117,(anonymous_41)
FN:121,(anonymous_42)
FN:132,(anonymous_43)
FN:134,(anonymous_44)
FN:148,(anonymous_45)
FN:151,(anonymous_46)
FN:159,(anonymous_47)
FN:161,(anonymous_48)
FN:168,(anonymous_49)
FN:172,(anonymous_50)
FN:180,(anonymous_51)
FN:182,(anonymous_52)
FN:199,(anonymous_53)
FN:203,(anonymous_54)
FN:214,(anonymous_55)
FN:215,(anonymous_56)
FN:218,(anonymous_57)
FN:222,(anonymous_58)
FN:233,(anonymous_59)
FN:234,(anonymous_60)
FN:237,(anonymous_61)
FN:241,(anonymous_62)
FNF:63
FNH:31
FNDA:2,(anonymous_0)
FNDA:1,(anonymous_1)
FNDA:1,(anonymous_2)
FNDA:2,(anonymous_3)
FNDA:2,(anonymous_4)
FNDA:2,(anonymous_5)
FNDA:1,(anonymous_6)
FNDA:1,(anonymous_7)
FNDA:1,(anonymous_8)
FNDA:1,(anonymous_9)
FNDA:1,(anonymous_10)
FNDA:1,(anonymous_11)
FNDA:1,(anonymous_12)
FNDA:1,(anonymous_13)
FNDA:1,(anonymous_14)
FNDA:1,(anonymous_15)
FNDA:1,(anonymous_16)
FNDA:1,(anonymous_17)
FNDA:1,(anonymous_18)
FNDA:1,(anonymous_19)
FNDA:1,(anonymous_20)
FNDA:1,(anonymous_21)
FNDA:1,(anonymous_22)
FNDA:1,(anonymous_23)
FNDA:2,(anonymous_24)
FNDA:1,(anonymous_25)
FNDA:1,(anonymous_26)
FNDA:1,(anonymous_27)
FNDA:1,(anonymous_28)
FNDA:0,(anonymous_29)
FNDA:0,(anonymous_30)
FNDA:0,(anonymous_31)
FNDA:0,(anonymous_32)
FNDA:0,(anonymous_33)
FNDA:0,(anonymous_34)
FNDA:0,(anonymous_35)
FNDA:0,(anonymous_36)
FNDA:0,(anonymous_37)
FNDA:0,(anonymous_38)
FNDA:0,(anonymous_39)
FNDA:0,(anonymous_40)
FNDA:0,(anonymous_41)
FNDA:0,(anonymous_42)
FNDA:0,(anonymous_43)
FNDA:0,(anonymous_44)
FNDA:0,(anonymous_45)
FNDA:0,(anonymous_46)
FNDA:0,(anonymous_47)
FNDA:0,(anonymous_48)
FNDA:0,(anonymous_49)
FNDA:0,(anonymous_50)
FNDA:0,(anonymous_51)
FNDA:0,(anonymous_52)
FNDA:0,(anonymous_53)
FNDA:0,(anonymous_54)
FNDA:0,(anonymous_55)
FNDA:0,(anonymous_56)
FNDA:0,(anonymous_57)
FNDA:0,(anonymous_58)
FNDA:1,(anonymous_59)
FNDA:1,(anonymous_60)
FNDA:0,(anonymous_61)
FNDA:0,(anonymous_62)
DA:2,12
DA:3,12
DA:6,12
DA:7,12
DA:8,12
DA:11,12
DA:12,12
DA:13,12
DA:16,12
DA:17,12
DA:18,12
DA:21,12
DA:22,12
DA:23,12
DA:26,12
DA:27,12
DA:28,12
DA:31,12
DA:32,12
DA:33,12
DA:36,12
DA:37,12
DA:38,12
DA:41,12
DA:42,12
DA:43,12
DA:46,12
DA:47,12
DA:48,12
DA:54,12
DA:55,1
DA:56,1
DA:57,1
DA:59,0
DA:60,0
DA:63,0
DA:64,0
DA:74,12
DA:75,0
DA:76,0
DA:77,0
DA:79,0
DA:80,0
DA:83,0
DA:84,0
DA:93,12
DA:94,0
DA:95,0
DA:96,0
DA:98,0
DA:99,0
DA:102,0
DA:103,0
DA:113,12
DA:114,0
DA:115,0
DA:116,0
DA:118,0
DA:119,0
DA:122,0
DA:123,0
DA:132,12
DA:133,0
DA:134,0
DA:135,0
DA:136,0
DA:137,0
DA:138,0
DA:139,0
DA:140,0
DA:141,0
DA:142,0
DA:144,0
DA:149,0
DA:152,0
DA:153,0
DA:159,12
DA:160,0
DA:161,0
DA:162,0
DA:163,0
DA:169,0
DA:170,0
DA:173,0
DA:174,0
DA:180,12
DA:181,0
DA:182,0
DA:183,0
DA:184,0
DA:185,0
DA:186,0
DA:187,0
DA:188,0
DA:190,0
DA:191,0
DA:193,0
DA:200,0
DA:201,0
DA:204,0
DA:205,0
DA:214,12
DA:215,0
DA:216,0
DA:217,0
DA:219,0
DA:220,0
DA:223,0
DA:224,0
DA:233,12
DA:234,1
DA:235,1
DA:236,1
DA:238,0
DA:239,0
DA:242,0
DA:243,0
LF:117
LH:44
BRDA:141,0,0,0
BRDA:141,0,1,0
BRDA:190,1,0,0
BRDA:190,1,1,0
BRF:4
BRH:0
end_of_record
TN:
SF:/Users/peterzernia/projects/wanderlist/src/actions/userActions.js
FN:4,(anonymous_0)
FN:5,(anonymous_1)
FN:6,(anonymous_2)
FN:9,(anonymous_3)
FN:10,(anonymous_4)
FN:13,(anonymous_5)
FN:14,(anonymous_6)
FN:15,(anonymous_7)
FN:18,(anonymous_8)
FN:20,(anonymous_9)
FN:23,(anonymous_10)
FN:27,(anonymous_11)
FN:35,(anonymous_12)
FN:37,(anonymous_13)
FN:49,(anonymous_14)
FN:54,(anonymous_15)
FN:62,(anonymous_16)
FN:63,(anonymous_17)
FN:66,(anonymous_18)
FN:70,(anonymous_19)
FNF:20
FNH:8
FNDA:1,(anonymous_0)
FNDA:1,(anonymous_1)
FNDA:1,(anonymous_2)
FNDA:1,(anonymous_3)
FNDA:1,(anonymous_4)
FNDA:1,(anonymous_5)
FNDA:1,(anonymous_6)
FNDA:1,(anonymous_7)
FNDA:0,(anonymous_8)
FNDA:0,(anonymous_9)
FNDA:0,(anonymous_10)
FNDA:0,(anonymous_11)
FNDA:0,(anonymous_12)
FNDA:0,(anonymous_13)
FNDA:0,(anonymous_14)
FNDA:0,(anonymous_15)
FNDA:0,(anonymous_16)
FNDA:0,(anonymous_17)
FNDA:0,(anonymous_18)
FNDA:0,(anonymous_19)
DA:4,11
DA:5,11
DA:6,11
DA:9,11
DA:10,11
DA:13,11
DA:14,11
DA:15,11
DA:18,11
DA:19,0
DA:20,0
DA:21,0
DA:22,0
DA:24,0
DA:25,0
DA:28,0
DA:29,0
DA:35,11
DA:36,0
DA:37,0
DA:38,0
DA:50,0
DA:51,0
DA:52,0
DA:55,0
DA:56,0
DA:62,11
DA:63,0
DA:64,0
DA:65,0
DA:67,0
DA:68,0
DA:71,0
DA:72,0
LF:34
LH:11
BRF:0
BRH:0
end_of_record
TN:
SF:/Users/peterzernia/projects/wanderlist/src/components/ConfirmDeleteModal.js
FN:8,(anonymous_0)
FN:15,(anonymous_1)
FN:18,(anonymous_2)
FNF:3
FNH:3
FNDA:1,(anonymous_0)
FNDA:1,(anonymous_1)
FNDA:1,(anonymous_2)
DA:8,4
DA:9,1
DA:15,1
DA:18,1
LF:4
LH:4
BRF:0
BRH:0
end_of_record
TN:
SF:/Users/peterzernia/projects/wanderlist/src/components/CopyLinkModal.js
FN:9,(anonymous_0)
FN:14,(anonymous_1)
FNF:2
FNH:2
FNDA:2,(anonymous_0)
FNDA:1,(anonymous_1)
DA:9,8
DA:10,2
DA:14,1
LF:3
LH:3
BRF:0
BRH:0
end_of_record
TN:
SF:/Users/peterzernia/projects/wanderlist/src/components/CountryModal.js
FN:11,(anonymous_0)
FN:67,(anonymous_1)
FN:71,(anonymous_2)
FNF:3
FNH:0
FNDA:0,(anonymous_0)
FNDA:0,(anonymous_1)
FNDA:0,(anonymous_2)
DA:8,9
DA:9,9
DA:11,9
DA:13,0
DA:26,0
DA:67,0
DA:71,0
LF:7
LH:3
BRDA:40,0,0,0
BRDA:40,0,1,0
BRDA:63,1,0,0
BRDA:63,1,1,0
BRDA:64,2,0,0
BRDA:64,2,1,0
BRDA:65,3,0,0
BRDA:65,3,1,0
BRDA:66,4,0,0
BRDA:66,4,1,0
BRDA:67,5,0,0
BRDA:67,5,1,0
BRDA:67,6,0,0
BRDA:67,6,1,0
BRDA:68,7,0,0
BRDA:68,7,1,0
BRDA:69,8,0,0
BRDA:69,8,1,0
BRDA:70,9,0,0
BRDA:70,9,1,0
BRDA:70,10,0,0
BRDA:70,10,1,0
BRDA:71,11,0,0
BRDA:71,11,1,0
BRDA:71,12,0,0
BRDA:71,12,1,0
BRDA:72,13,0,0
BRDA:72,13,1,0
BRDA:73,14,0,0
BRDA:73,14,1,0
BRDA:74,15,0,0
BRDA:74,15,1,0
BRDA:74,16,0,0
BRDA:74,16,1,0
BRDA:75,17,0,0
BRDA:75,17,1,0
BRDA:75,18,0,0
BRDA:75,18,1,0
BRDA:76,19,0,0
BRDA:76,19,1,0
BRDA:76,20,0,0
BRDA:76,20,1,0
BRDA:77,21,0,0
BRDA:77,21,1,0
BRDA:78,22,0,0
BRDA:78,22,1,0
BRDA:79,23,0,0
BRDA:79,23,1,0
BRDA:80,24,0,0
BRDA:80,24,1,0
BRDA:81,25,0,0
BRDA:81,25,1,0
BRDA:81,26,0,0
BRDA:81,26,1,0
BRDA:82,27,0,0
BRDA:82,27,1,0
BRF:56
BRH:0
end_of_record
TN:
SF:/Users/peterzernia/projects/wanderlist/src/components/EditProfileForm.js
FN:12,(anonymous_0)
FN:19,(anonymous_1)
FN:23,(anonymous_2)
FN:30,(anonymous_3)
FN:30,(anonymous_4)
FN:46,(anonymous_5)
FNF:6
FNH:5
FNDA:3,(anonymous_0)
FNDA:0,(anonymous_1)
FNDA:3,(anonymous_2)
FNDA:11733,(anonymous_3)
FNDA:750,(anonymous_4)
FNDA:1,(anonymous_5)
DA:13,3
DA:14,3
DA:20,0
DA:30,11733
DA:31,750
DA:34,3
DA:46,1
LF:7
LH:6
BRF:0
BRH:0
end_of_record
TN:
SF:/Users/peterzernia/projects/wanderlist/src/components/EditProfileModal.js
FN:6,(anonymous_0)
FNF:1
FNH:1
FNDA:1,(anonymous_0)
DA:6,4
DA:7,1
LF:2
LH:2
BRF:0
BRH:0
end_of_record
TN:
SF:/Users/peterzernia/projects/wanderlist/src/components/Error.js
FN:5,(anonymous_0)
FN:13,(anonymous_1)
FNF:2
FNH:2
FNDA:2,(anonymous_0)
FNDA:1,(anonymous_1)
DA:5,3
DA:11,2
DA:12,2
DA:13,1
DA:14,1
DA:19,1
DA:22,2
LF:7
LH:7
BRDA:12,0,0,1
BRDA:12,0,1,1
BRF:2
BRH:2
end_of_record
TN:
SF:/Users/peterzernia/projects/wanderlist/src/components/Filter.js
FN:15,(anonymous_0)
FN:19,(anonymous_1)
FN:23,(anonymous_2)
FN:48,(anonymous_3)
FN:55,(anonymous_4)
FN:56,(anonymous_5)
FNF:6
FNH:6
FNDA:4,(anonymous_0)
FNDA:3,(anonymous_1)
FNDA:11,(anonymous_2)
FNDA:1,(anonymous_3)
FNDA:1,(anonymous_4)
FNDA:1,(anonymous_5)
DA:16,4
DA:20,3
DA:25,11
DA:27,11
DA:48,1
DA:55,1
DA:56,1
LF:7
LH:7
BRDA:31,0,0,4
BRDA:31,0,1,7
BRF:2
BRH:2
end_of_record
TN:
SF:/Users/peterzernia/projects/wanderlist/src/components/ForgotPasswordForm.js
FN:9,(anonymous_0)
FNF:1
FNH:1
FNDA:2,(anonymous_0)
DA:9,4
DA:10,2
LF:2
LH:2
BRF:0
BRH:0
end_of_record
TN:
SF:/Users/peterzernia/projects/wanderlist/src/components/GoogleMap.js
FN:6,(anonymous_0)
FN:21,(anonymous_1)
FN:24,(anonymous_2)
FNF:3
FNH:0
FNDA:0,(anonymous_0)
FNDA:0,(anonymous_1)
FNDA:0,(anonymous_2)
DA:4,4
DA:6,4
DA:8,0
DA:21,0
DA:22,0
DA:24,0
DA:30,0
LF:7
LH:2
BRF:0
BRH:0
end_of_record
TN:
SF:/Users/peterzernia/projects/wanderlist/src/components/ImageModal.js
FN:5,(anonymous_0)
FNF:1
FNH:1
FNDA:1,(anonymous_0)
DA:5,8
DA:6,1
LF:2
LH:2
BRF:0
BRH:0
end_of_record
TN:
SF:/Users/peterzernia/projects/wanderlist/src/components/LoginForm.js
FN:9,(anonymous_0)
FNF:1
FNH:1
FNDA:2,(anonymous_0)
DA:9,4
DA:10,2
LF:2
LH:2
BRF:0
BRH:0
end_of_record
TN:
SF:/Users/peterzernia/projects/wanderlist/src/components/NavBar.js
FN:11,(anonymous_0)
FNF:1
FNH:1
FNDA:3,(anonymous_0)
DA:11,3
DA:13,3
LF:2
LH:2
BRDA:33,0,0,1
BRDA:33,0,1,2
BRF:2
BRH:2
end_of_record
TN:
SF:/Users/peterzernia/projects/wanderlist/src/components/NotAuthModal.js
FN:8,(anonymous_0)
FN:15,(anonymous_1)
FNF:2
FNH:2
FNDA:2,(anonymous_0)
FNDA:1,(anonymous_1)
DA:8,8
DA:9,2
DA:15,1
LF:3
LH:3
BRF:0
BRH:0
end_of_record
TN:
SF:/Users/peterzernia/projects/wanderlist/src/components/PostModal.js
FN:17,(anonymous_0)
FNF:1
FNH:1
FNDA:3,(anonymous_0)
DA:8,4
DA:17,4
DA:18,3
LF:3
LH:3
BRDA:24,0,0,1
BRDA:24,0,1,2
BRF:2
BRH:2
end_of_record
TN:
SF:/Users/peterzernia/projects/wanderlist/src/components/PostTripReportForm.js
FN:12,(anonymous_0)
FN:19,(anonymous_1)
FN:23,(anonymous_2)
FN:39,(anonymous_3)
FN:39,(anonymous_4)
FNF:5
FNH:4
FNDA:2,(anonymous_0)
FNDA:0,(anonymous_1)
FNDA:2,(anonymous_2)
FNDA:7822,(anonymous_3)
FNDA:500,(anonymous_4)
DA:13,2
DA:14,2
DA:20,0
DA:39,7822
DA:40,500
DA:43,2
LF:6
LH:5
BRF:0
BRH:0
end_of_record
TN:
SF:/Users/peterzernia/projects/wanderlist/src/components/PrivateRoute.js
FN:4,(anonymous_0)
FN:12,(anonymous_1)
FNF:2
FNH:1
FNDA:1,(anonymous_0)
FNDA:0,(anonymous_1)
DA:4,2
DA:10,1
DA:13,0
LF:3
LH:2
BRDA:13,0,0,0
BRDA:13,0,1,0
BRF:2
BRH:0
end_of_record
TN:
SF:/Users/peterzernia/projects/wanderlist/src/components/RegistrationForm.js
FN:17,(anonymous_0)
FN:24,(anonymous_1)
FN:28,(anonymous_2)
FN:35,(anonymous_3)
FN:35,(anonymous_4)
FNF:5
FNH:4
FNDA:3,(anonymous_0)
FNDA:0,(anonymous_1)
FNDA:3,(anonymous_2)
FNDA:11733,(anonymous_3)
FNDA:750,(anonymous_4)
DA:18,3
DA:19,3
DA:25,0
DA:35,11733
DA:36,750
DA:39,3
LF:6
LH:5
BRDA:41,0,0,3
BRDA:41,0,1,1
BRF:2
BRH:2
end_of_record
TN:
SF:/Users/peterzernia/projects/wanderlist/src/components/Results.js
FN:19,(anonymous_0)
FN:23,(anonymous_1)
FN:27,(anonymous_2)
FN:58,(anonymous_3)
FN:61,(anonymous_4)
FN:68,(anonymous_5)
FN:71,(anonymous_6)
FN:85,(anonymous_7)
FN:91,(anonymous_8)
FNF:9
FNH:9
FNDA:5,(anonymous_0)
FNDA:3,(anonymous_1)
FNDA:13,(anonymous_2)
FNDA:6,(anonymous_3)
FNDA:1,(anonymous_4)
FNDA:6,(anonymous_5)
FNDA:1,(anonymous_6)
FNDA:1,(anonymous_7)
FNDA:1,(anonymous_8)
DA:20,5
DA:24,3
DA:29,13
DA:31,13
DA:58,6
DA:61,1
DA:68,6
DA:71,1
DA:85,1
DA:91,1
LF:10
LH:10
BRDA:38,0,0,5
BRDA:38,0,1,8
BRDA:58,1,0,13
BRDA:58,1,1,9
BRDA:58,1,2,3
BRDA:68,2,0,13
BRDA:68,2,1,9
BRDA:68,2,2,6
BRDA:82,3,0,13
BRDA:82,3,1,4
BRF:10
BRH:10
end_of_record
TN:
SF:/Users/peterzernia/projects/wanderlist/src/components/SearchBar.js
FN:52,(anonymous_0)
FN:55,(anonymous_1)
FN:60,(anonymous_2)
FN:62,renderSuggestion
FN:72,renderInputComponent
FN:73,(anonymous_5)
FN:77,(anonymous_6)
FN:89,(anonymous_7)
FN:97,(anonymous_8)
FN:103,(anonymous_9)
FN:109,(anonymous_10)
FN:115,(anonymous_11)
FNF:12
FNH:9
FNDA:2,(anonymous_0)
FNDA:500,(anonymous_1)
FNDA:0,(anonymous_2)
FNDA:8,renderSuggestion
FNDA:6,renderInputComponent
FNDA:2,(anonymous_5)
FNDA:2,(anonymous_6)
FNDA:2,(anonymous_7)
FNDA:0,(anonymous_8)
FNDA:2,(anonymous_9)
FNDA:0,(anonymous_10)
FNDA:6,(anonymous_11)
DA:12,4
DA:52,4
DA:53,2
DA:54,2
DA:55,2
DA:56,500
DA:60,4
DA:63,8
DA:73,6
DA:74,6
DA:78,2
DA:79,2
DA:90,2
DA:91,2
DA:98,0
DA:104,2
DA:110,0
DA:116,6
DA:118,6
DA:124,6
LF:20
LH:18
BRDA:55,0,0,0
BRDA:55,0,1,2
BRDA:73,1,0,6
BRF:3
BRH:2
end_of_record
TN:
SF:/Users/peterzernia/projects/wanderlist/src/components/Success.js
FN:5,(anonymous_0)
FNF:1
FNH:1
FNDA:3,(anonymous_0)
DA:5,3
DA:6,3
LF:2
LH:2
BRDA:11,0,0,3
BRDA:11,0,1,1
BRF:2
BRH:2
end_of_record
TN:
SF:/Users/peterzernia/projects/wanderlist/src/components/TripReport.js
FN:16,(anonymous_0)
FN:18,(anonymous_1)
FN:18,(anonymous_2)
FN:19,(anonymous_3)
FN:40,(anonymous_4)
FN:68,(anonymous_5)
FN:70,(anonymous_6)
FNF:7
FNH:6
FNDA:9,(anonymous_0)
FNDA:2,(anonymous_1)
FNDA:10,(anonymous_2)
FNDA:1,(anonymous_3)
FNDA:0,(anonymous_4)
FNDA:2,(anonymous_5)
FNDA:1,(anonymous_6)
DA:16,7
DA:18,9
DA:19,10
DA:24,9
DA:40,0
DA:68,2
DA:70,1
LF:7
LH:6
BRDA:30,0,0,1
BRDA:30,0,1,8
BRDA:66,1,0,1
BRDA:66,1,1,8
BRDA:68,2,0,1
BRDA:68,2,1,1
BRF:6
BRH:6
end_of_record
TN:
SF:/Users/peterzernia/projects/wanderlist/src/components/TripReportModal.js
FN:11,(anonymous_0)
FNF:1
FNH:1
FNDA:2,(anonymous_0)
DA:9,5
DA:11,5
DA:13,2
LF:3
LH:3
BRF:0
BRH:0
end_of_record
TN:
SF:/Users/peterzernia/projects/wanderlist/src/components/TripReportThumbnail.js
FN:19,(anonymous_0)
FN:23,(anonymous_1)
FN:27,(anonymous_2)
FN:49,(anonymous_3)
FN:50,(anonymous_4)
FN:51,(anonymous_5)
FN:56,(anonymous_6)
FNF:7
FNH:6
FNDA:5,(anonymous_0)
FNDA:3,(anonymous_1)
FNDA:15,(anonymous_2)
FNDA:1,(anonymous_3)
FNDA:1,(anonymous_4)
FNDA:1,(anonymous_5)
FNDA:0,(anonymous_6)
DA:20,5
DA:24,3
DA:29,15
DA:31,15
DA:49,1
DA:50,1
DA:51,1
DA:56,0
LF:8
LH:7
BRDA:37,0,0,5
BRDA:37,0,1,10
BRDA:50,1,0,15
BRDA:50,1,1,8
BRDA:51,2,0,15
BRDA:51,2,1,8
BRDA:54,3,0,1
BRDA:54,3,1,14
BRF:8
BRH:8
end_of_record
TN:
SF:/Users/peterzernia/projects/wanderlist/src/components/TripReportTruncated.js
FN:22,(anonymous_0)
FN:23,(anonymous_1)
FN:26,(anonymous_2)
FN:31,(anonymous_3)
FN:31,(anonymous_4)
FN:32,(anonymous_5)
FN:53,(anonymous_6)
FN:101,(anonymous_7)
FN:103,(anonymous_8)
FNF:9
FNH:8
FNDA:2,(anonymous_0)
FNDA:2,(anonymous_1)
FNDA:14,(anonymous_2)
FNDA:2,(anonymous_3)
FNDA:15,(anonymous_4)
FNDA:1,(anonymous_5)
FNDA:0,(anonymous_6)
FNDA:2,(anonymous_7)
FNDA:1,(anonymous_8)
DA:23,2
DA:29,14
DA:31,14
DA:32,15
DA:37,14
DA:53,0
DA:101,2
DA:103,1
LF:8
LH:7
BRDA:43,0,0,1
BRDA:43,0,1,13
BRDA:87,1,0,14
BRDA:87,1,1,1
BRDA:99,2,0,1
BRDA:99,2,1,13
BRDA:101,3,0,1
BRDA:101,3,1,1
BRDA:106,4,0,1
BRDA:106,4,1,13
BRF:10
BRH:10
end_of_record
TN:
SF:/Users/peterzernia/projects/wanderlist/src/components/UpdateTripReportForm.js
FN:12,(anonymous_0)
FN:14,(anonymous_1)
FN:22,(anonymous_2)
FN:26,(anonymous_3)
FN:40,(anonymous_4)
FN:40,(anonymous_5)
FNF:6
FNH:5
FNDA:2,(anonymous_0)
FNDA:2,(anonymous_1)
FNDA:0,(anonymous_2)
FNDA:2,(anonymous_3)
FNDA:7822,(anonymous_4)
FNDA:500,(anonymous_5)
DA:13,2
DA:14,2
DA:15,2
DA:23,0
DA:40,7822
DA:41,500
DA:44,2
LF:7
LH:6
BRF:0
BRH:0
end_of_record
TN:
SF:/Users/peterzernia/projects/wanderlist/src/containers/EditProfile.js
FN:47,(anonymous_0)
FN:52,(anonymous_1)
FN:57,(anonymous_2)
FN:67,(anonymous_3)
FN:83,(anonymous_4)
FN:101,(anonymous_5)
FN:121,(anonymous_6)
FN:123,(anonymous_7)
FN:135,(anonymous_8)
FN:140,(anonymous_9)
FN:147,(anonymous_10)
FN:175,(anonymous_11)
FN:209,(anonymous_12)
FN:240,(anonymous_13)
FNF:14
FNH:9
FNDA:0,(anonymous_0)
FNDA:11,(anonymous_1)
FNDA:1,(anonymous_2)
FNDA:0,(anonymous_3)
FNDA:1,(anonymous_4)
FNDA:1,(anonymous_5)
FNDA:1,(anonymous_6)
FNDA:0,(anonymous_7)
FNDA:1,(anonymous_8)
FNDA:18,(anonymous_9)
FNDA:2,(anonymous_10)
FNDA:1,(anonymous_11)
FNDA:0,(anonymous_12)
FNDA:0,(anonymous_13)
DA:48,0
DA:53,11
DA:54,11
DA:58,1
DA:59,1
DA:68,0
DA:69,0
DA:70,0
DA:84,1
DA:88,1
DA:89,1
DA:91,1
DA:98,1
DA:102,1
DA:104,1
DA:105,1
DA:107,1
DA:115,1
DA:122,1
DA:123,1
DA:124,1
DA:132,1
DA:136,1
DA:137,1
DA:145,18
DA:146,18
DA:147,1
DA:148,2
DA:154,18
DA:175,1
DA:209,3
DA:210,0
DA:240,3
DA:241,0
DA:271,3
LF:35
LH:29
BRDA:69,0,0,0
BRDA:69,0,1,0
BRDA:69,1,0,0
BRDA:69,1,1,0
BRDA:69,1,2,0
BRDA:69,1,3,0
BRDA:88,2,0,1
BRDA:88,2,1,0
BRDA:104,3,0,1
BRDA:104,3,1,0
BRDA:146,4,0,1
BRDA:146,4,1,17
BRDA:157,5,0,18
BRDA:157,5,1,2
BRDA:161,6,0,18
BRDA:161,6,1,18
BRDA:166,7,0,18
BRDA:166,7,1,18
BRDA:187,8,0,18
BRDA:187,8,1,2
BRDA:197,9,0,18
BRDA:197,9,1,4
BRDA:198,10,0,18
BRDA:198,10,1,3
BRDA:199,11,0,18
BRDA:199,11,1,2
BRDA:200,12,0,18
BRDA:200,12,1,1
BRDA:202,13,0,18
BRDA:202,13,1,1
BRF:30
BRH:22
end_of_record
TN:
SF:/Users/peterzernia/projects/wanderlist/src/containers/Feed.js
FN:26,(anonymous_0)
FN:31,(anonymous_1)
FN:35,(anonymous_2)
FN:45,(anonymous_3)
FN:52,(anonymous_4)
FN:57,(anonymous_5)
FN:62,(anonymous_6)
FN:66,(anonymous_7)
FN:70,(anonymous_8)
FN:74,(anonymous_9)
FN:97,(anonymous_10)
FN:116,(anonymous_11)
FNF:12
FNH:8
FNDA:0,(anonymous_0)
FNDA:7,(anonymous_1)
FNDA:1,(anonymous_2)
FNDA:0,(anonymous_3)
FNDA:1,(anonymous_4)
FNDA:1,(anonymous_5)
FNDA:1,(anonymous_6)
FNDA:1,(anonymous_7)
FNDA:10,(anonymous_8)
FNDA:2,(anonymous_9)
FNDA:0,(anonymous_10)
FNDA:0,(anonymous_11)
DA:27,0
DA:32,7
DA:36,1
DA:37,1
DA:46,0
DA:47,0
DA:48,0
DA:53,1
DA:54,1
DA:58,1
DA:59,1
DA:63,1
DA:67,1
DA:72,10
DA:73,10
DA:74,1
DA:75,2
DA:81,10
DA:97,3
DA:98,0
DA:116,3
DA:117,0
DA:135,3
LF:23
LH:17
BRDA:47,0,0,0
BRDA:47,0,1,0
BRDA:47,1,0,0
BRDA:47,1,1,0
BRDA:47,1,2,0
BRDA:73,2,0,1
BRDA:73,2,1,9
BRDA:86,3,0,10
BRDA:86,3,1,1
BRDA:88,4,0,10
BRDA:88,4,1,2
BRDA:89,5,0,10
BRDA:89,5,1,1
BRDA:91,6,0,10
BRDA:91,6,1,1
BRF:15
BRH:10
end_of_record
TN:
SF:/Users/peterzernia/projects/wanderlist/src/containers/ForgotPassword.js
FN:16,(anonymous_0)
FN:22,(anonymous_1)
FN:31,(anonymous_2)
FN:37,(anonymous_3)
FNF:4
FNH:2
FNDA:1,(anonymous_0)
FNDA:1,(anonymous_1)
FNDA:0,(anonymous_2)
FNDA:0,(anonymous_3)
DA:17,1
DA:18,1
DA:19,1
DA:23,1
DA:31,3
DA:32,0
DA:37,3
DA:38,0
DA:45,3
LF:9
LH:7
BRF:0
BRH:0
end_of_record
TN:
SF:/Users/peterzernia/projects/wanderlist/src/containers/Home.js
FN:24,(anonymous_0)
FN:28,(anonymous_1)
FN:33,(anonymous_2)
FN:37,(anonymous_3)
FN:79,(anonymous_4)
FN:94,(anonymous_5)
FNF:6
FNH:6
FNDA:1,(anonymous_0)
FNDA:1,(anonymous_1)
FNDA:6,(anonymous_2)
FNDA:2,(anonymous_3)
FNDA:1,(anonymous_4)
FNDA:1,(anonymous_5)
DA:25,1
DA:29,1
DA:30,1
DA:35,6
DA:36,6
DA:37,3
DA:38,2
DA:44,6
DA:79,3
DA:80,1
DA:94,3
DA:95,1
DA:111,3
LF:13
LH:13
BRDA:36,0,0,3
BRDA:36,0,1,3
BRDA:49,1,0,6
BRDA:49,1,1,1
BRDA:69,2,0,3
BRDA:69,2,1,3
BRF:6
BRH:6
end_of_record
TN:
SF:/Users/peterzernia/projects/wanderlist/src/containers/Layout.js
FN:30,(anonymous_0)
FN:36,(anonymous_1)
FN:41,(anonymous_2)
FN:78,(anonymous_3)
FN:88,(anonymous_4)
FNF:5
FNH:5
FNDA:7,(anonymous_0)
FNDA:1,(anonymous_1)
FNDA:10,(anonymous_2)
FNDA:1,(anonymous_3)
FNDA:1,(anonymous_4)
DA:31,7
DA:32,1
DA:37,1
DA:38,1
DA:43,10
DA:78,2
DA:79,1
DA:88,2
DA:89,1
DA:97,2
LF:10
LH:10
BRDA:31,0,0,1
BRDA:31,0,1,6
BRDA:46,1,0,9
BRDA:46,1,1,1
BRDA:57,2,0,9
BRDA:57,2,1,1
BRDA:58,3,0,9
BRDA:58,3,1,1
BRF:8
BRH:8
end_of_record
TN:
SF:/Users/peterzernia/projects/wanderlist/src/containers/Login.js
FN:14,(anonymous_0)
FN:19,(anonymous_1)
FN:24,(anonymous_2)
FN:37,(anonymous_3)
FN:44,(anonymous_4)
FNF:5
FNH:3
FNDA:1,(anonymous_0)
FNDA:1,(anonymous_1)
FNDA:4,(anonymous_2)
FNDA:0,(anonymous_3)
FNDA:0,(anonymous_4)
DA:15,1
DA:20,1
DA:21,1
DA:25,4
DA:37,3
DA:38,0
DA:44,3
DA:45,0
DA:53,3
LF:9
LH:7
BRDA:28,0,0,3
BRDA:28,0,1,1
BRF:2
BRH:2
end_of_record
TN:
SF:/Users/peterzernia/projects/wanderlist/src/containers/Logout.js
FN:10,(anonymous_0)
FN:14,(anonymous_1)
FN:23,(anonymous_2)
FN:28,(anonymous_3)
FNF:4
FNH:2
FNDA:1,(anonymous_0)
FNDA:1,(anonymous_1)
FNDA:0,(anonymous_2)
FNDA:0,(anonymous_3)
DA:11,1
DA:15,1
DA:23,3
DA:24,0
DA:28,3
DA:29,0
DA:36,3
LF:7
LH:5
BRF:0
BRH:0
end_of_record
TN:
SF:/Users/peterzernia/projects/wanderlist/src/containers/Post.js
FN:28,(anonymous_0)
FN:33,(anonymous_1)
FN:37,(anonymous_2)
FN:42,(anonymous_3)
FN:46,(anonymous_4)
FN:66,(anonymous_5)
FN:83,(anonymous_6)
FNF:7
FNH:5
FNDA:6,(anonymous_0)
FNDA:1,(anonymous_1)
FNDA:1,(anonymous_2)
FNDA:9,(anonymous_3)
FNDA:2,(anonymous_4)
FNDA:0,(anonymous_5)
FNDA:0,(anonymous_6)
DA:29,6
DA:30,6
DA:34,1
DA:38,1
DA:39,1
DA:44,9
DA:45,9
DA:46,1
DA:47,2
DA:53,9
DA:66,3
DA:67,0
DA:83,3
DA:84,0
DA:101,3
LF:15
LH:13
BRDA:45,0,0,1
BRDA:45,0,1,8
BRDA:58,1,0,9
BRDA:58,1,1,2
BRDA:59,2,0,9
BRDA:59,2,1,1
BRDA:60,3,0,9
BRDA:60,3,1,2
BRF:8
BRH:8
end_of_record
TN:
SF:/Users/peterzernia/projects/wanderlist/src/containers/Register.js
FN:14,(anonymous_0)
FN:19,(anonymous_1)
FN:40,(anonymous_2)
FN:57,(anonymous_3)
FN:64,(anonymous_4)
FNF:5
FNH:3
FNDA:1,(anonymous_0)
FNDA:1,(anonymous_1)
FNDA:4,(anonymous_2)
FNDA:0,(anonymous_3)
FNDA:0,(anonymous_4)
DA:15,1
DA:20,1
DA:27,1
DA:28,1
DA:30,1
DA:37,1
DA:38,1
DA:41,4
DA:57,3
DA:58,0
DA:64,3
DA:65,0
DA:73,3
LF:13
LH:11
BRDA:27,0,0,1
BRDA:27,0,1,0
BRDA:48,1,0,3
BRDA:48,1,1,1
BRF:4
BRH:3
end_of_record
TN:
SF:/Users/peterzernia/projects/wanderlist/src/containers/Search.js
FN:21,(anonymous_0)
FN:25,(anonymous_1)
FN:34,(anonymous_2)
FN:48,(anonymous_3)
FN:50,(anonymous_4)
FN:55,(anonymous_5)
FN:74,(anonymous_6)
FN:76,(anonymous_7)
FN:94,(anonymous_8)
FN:111,(anonymous_9)
FNF:10
FNH:5
FNDA:1,(anonymous_0)
FNDA:1,(anonymous_1)
FNDA:1,(anonymous_2)
FNDA:0,(anonymous_3)
FNDA:0,(anonymous_4)
FNDA:0,(anonymous_5)
FNDA:9,(anonymous_6)
FNDA:1,(anonymous_7)
FNDA:0,(anonymous_8)
FNDA:0,(anonymous_9)
DA:22,1
DA:26,1
DA:27,1
DA:35,1
DA:37,1
DA:40,1
DA:41,1
DA:43,1
DA:44,1
DA:47,0
DA:48,0
DA:50,0
DA:51,0
DA:52,0
DA:55,0
DA:57,0
DA:58,0
DA:59,0
DA:64,1
DA:76,9
DA:77,1
DA:82,9
DA:94,3
DA:95,0
DA:111,3
DA:112,0
DA:125,3
LF:27
LH:16
BRDA:43,0,0,1
BRDA:43,0,1,0
BRDA:50,1,0,0
BRDA:50,1,1,0
BRDA:57,2,0,0
BRDA:57,2,1,0
BRDA:85,3,0,9
BRDA:85,3,1,2
BRDA:87,4,0,9
BRDA:87,4,1,1
BRDA:88,5,0,9
BRDA:88,5,1,2
BRF:12
BRH:7
end_of_record
TN:
SF:/Users/peterzernia/projects/wanderlist/src/containers/ViewProfile.js
FN:37,(anonymous_0)
FN:42,(anonymous_1)
FN:49,(anonymous_2)
FN:59,(anonymous_3)
FN:66,(anonymous_4)
FN:71,(anonymous_5)
FN:75,(anonymous_6)
FN:126,(anonymous_7)
FN:150,(anonymous_8)
FNF:9
FNH:5
FNDA:0,(anonymous_0)
FNDA:7,(anonymous_1)
FNDA:1,(anonymous_2)
FNDA:0,(anonymous_3)
FNDA:1,(anonymous_4)
FNDA:12,(anonymous_5)
FNDA:2,(anonymous_6)
FNDA:0,(anonymous_7)
FNDA:0,(anonymous_8)
DA:38,0
DA:43,7
DA:44,7
DA:45,7
DA:46,7
DA:50,1
DA:51,1
DA:60,0
DA:61,0
DA:62,0
DA:67,1
DA:68,1
DA:73,12
DA:74,12
DA:75,1
DA:76,2
DA:82,12
DA:126,3
DA:127,0
DA:150,3
DA:151,0
DA:172,3
LF:22
LH:16
BRDA:61,0,0,0
BRDA:61,0,1,0
BRDA:61,1,0,0
BRDA:61,1,1,0
BRDA:61,1,2,0
BRDA:74,2,0,1
BRDA:74,2,1,11
BRDA:86,3,0,12
BRDA:86,3,1,2
BRDA:87,4,0,12
BRDA:87,4,1,12
BRDA:92,5,0,12
BRDA:92,5,1,12
BRDA:108,6,0,12
BRDA:108,6,1,2
BRDA:111,7,0,12
BRDA:111,7,1,2
BRDA:112,8,0,12
BRDA:112,8,1,2
BRDA:116,9,0,12
BRDA:116,9,1,2
BRDA:117,10,0,12
BRDA:117,10,1,1
BRDA:119,11,0,12
BRDA:119,11,1,1
BRF:25
BRH:20
end_of_record
TN:
SF:/Users/peterzernia/projects/wanderlist/src/store/auth.js
FN:8,(anonymous_0)
FNF:1
FNH:1
FNDA:12,(anonymous_0)
DA:1,2
DA:9,12
DA:11,1
DA:17,1
DA:25,1
DA:32,2
DA:40,7
LF:7
LH:7
BRDA:8,0,0,8
BRDA:9,1,0,1
BRDA:9,1,1,1
BRDA:9,1,2,1
BRDA:9,1,3,2
BRDA:9,1,4,7
BRF:6
BRH:6
end_of_record
TN:
SF:/Users/peterzernia/projects/wanderlist/src/store/country.js
FN:8,(anonymous_0)
FNF:1
FNH:1
FNDA:11,(anonymous_0)
DA:1,2
DA:9,11
DA:11,1
DA:18,1
DA:26,1
DA:33,8
LF:6
LH:6
BRDA:8,0,0,7
BRDA:9,1,0,1
BRDA:9,1,1,1
BRDA:9,1,2,1
BRDA:9,1,3,8
BRF:5
BRH:5
end_of_record
TN:
SF:/Users/peterzernia/projects/wanderlist/src/store/error.js
FN:6,(anonymous_0)
FNF:1
FNH:1
FNDA:11,(anonymous_0)
DA:1,2
DA:7,11
DA:9,1
DA:15,2
DA:22,1
DA:28,7
LF:6
LH:6
BRDA:6,0,0,7
BRDA:7,1,0,1
BRDA:7,1,1,2
BRDA:7,1,2,1
BRDA:7,1,3,7
BRF:5
BRH:5
end_of_record
TN:
SF:/Users/peterzernia/projects/wanderlist/src/store/index.js
FNF:0
FNH:0
DA:11,1
DA:13,1
DA:15,1
DA:18,1
DA:19,0
DA:22,1
DA:24,1
LF:7
LH:6
BRDA:13,0,0,1
BRDA:13,0,1,1
BRDA:18,1,0,0
BRDA:18,1,1,1
BRF:4
BRH:3
end_of_record
TN:
SF:/Users/peterzernia/projects/wanderlist/src/store/modal.js
FN:19,(anonymous_0)
FNF:1
FNH:1
FNDA:26,(anonymous_0)
DA:1,2
DA:20,26
DA:23,1
DA:30,1
DA:37,1
DA:44,1
DA:51,1
DA:57,1
DA:65,1
DA:73,1
DA:80,1
DA:87,1
DA:94,1
DA:101,1
DA:107,1
DA:114,1
DA:121,1
DA:128,1
DA:135,1
DA:142,1
DA:148,8
LF:21
LH:21
BRDA:19,0,0,22
BRDA:20,1,0,1
BRDA:20,1,1,1
BRDA:20,1,2,1
BRDA:20,1,3,1
BRDA:20,1,4,1
BRDA:20,1,5,1
BRDA:20,1,6,1
BRDA:20,1,7,1
BRDA:20,1,8,1
BRDA:20,1,9,1
BRDA:20,1,10,1
BRDA:20,1,11,1
BRDA:20,1,12,1
BRDA:20,1,13,1
BRDA:20,1,14,1
BRDA:20,1,15,1
BRDA:20,1,16,1
BRDA:20,1,17,1
BRDA:20,1,18,8
BRF:20
BRH:20
end_of_record
TN:
SF:/Users/peterzernia/projects/wanderlist/src/store/tripReport.js
FN:22,(anonymous_0)
FN:149,(anonymous_1)
FN:155,(anonymous_2)
FN:178,(anonymous_3)
FN:184,(anonymous_4)
FN:206,(anonymous_5)
FN:206,(anonymous_6)
FN:212,(anonymous_7)
FN:212,(anonymous_8)
FN:282,(anonymous_9)
FN:287,(anonymous_10)
FN:288,(anonymous_11)
FN:296,(anonymous_12)
FNF:13
FNH:13
FNDA:40,(anonymous_0)
FNDA:1,(anonymous_1)
FNDA:1,(anonymous_2)
FNDA:1,(anonymous_3)
FNDA:1,(anonymous_4)
FNDA:2,(anonymous_5)
FNDA:1,(anonymous_6)
FNDA:2,(anonymous_7)
FNDA:1,(anonymous_8)
FNDA:2,(anonymous_9)
FNDA:2,(anonymous_10)
FNDA:2,(anonymous_11)
FNDA:2,(anonymous_12)
DA:1,2
DA:23,40
DA:26,2
DA:32,1
DA:40,1
DA:52,1
DA:59,2
DA:72,1
DA:80,1
DA:87,1
DA:95,1
DA:107,1
DA:114,2
DA:127,1
DA:135,1
DA:141,2
DA:149,1
DA:155,1
DA:164,1
DA:171,1
DA:178,1
DA:184,1
DA:192,1
DA:198,1
DA:206,2
DA:212,2
DA:221,1
DA:227,1
DA:234,1
DA:242,1
DA:249,2
DA:256,1
DA:264,1
DA:271,2
DA:282,2
DA:287,2
DA:288,2
DA:292,1
DA:296,2
DA:305,2
DA:311,5
LF:41
LH:41
BRDA:22,0,0,28
BRDA:23,1,0,2
BRDA:23,1,1,1
BRDA:23,1,2,1
BRDA:23,1,3,1
BRDA:23,1,4,2
BRDA:23,1,5,1
BRDA:23,1,6,1
BRDA:23,1,7,1
BRDA:23,1,8,1
BRDA:23,1,9,1
BRDA:23,1,10,2
BRDA:23,1,11,1
BRDA:23,1,12,1
BRDA:23,1,13,2
BRDA:23,1,14,1
BRDA:23,1,15,1
BRDA:23,1,16,1
BRDA:23,1,17,1
BRDA:23,1,18,1
BRDA:23,1,19,1
BRDA:23,1,20,1
BRDA:23,1,21,1
BRDA:23,1,22,2
BRDA:23,1,23,1
BRDA:23,1,24,1
BRDA:23,1,25,2
BRDA:23,1,26,1
BRDA:23,1,27,2
BRDA:23,1,28,5
BRDA:282,2,0,1
BRDA:282,2,1,1
BRDA:287,3,0,1
BRDA:287,3,1,1
BRDA:288,4,0,1
BRDA:288,4,1,1
BRDA:296,5,0,1
BRDA:296,5,1,1
BRF:38
BRH:38
end_of_record
TN:
SF:/Users/peterzernia/projects/wanderlist/src/store/user.js
FN:11,(anonymous_0)
FNF:1
FNH:1
FNDA:16,(anonymous_0)
DA:1,2
DA:12,16
DA:14,1
DA:20,1
DA:28,1
DA:36,1
DA:42,1
DA:52,1
DA:60,1
DA:68,2
DA:74,7
LF:11
LH:11
BRDA:11,0,0,12
BRDA:12,1,0,1
BRDA:12,1,1,1
BRDA:12,1,2,1
BRDA:12,1,3,1
BRDA:12,1,4,1
BRDA:12,1,5,1
BRDA:12,1,6,1
BRDA:12,1,7,2
BRDA:12,1,8,7
BRF:10
BRH:10
end_of_record
